#
# There is insufficient memory for the Java Runtime Environment to continue.
# Native memory allocation (malloc) failed to allocate 32744 bytes for ChunkPool::allocate
# Possible reasons:
#   The system is out of physical RAM or swap space
#   The process is running with CompressedOops enabled, and the Java Heap may be blocking the growth of the native heap
# Possible solutions:
#   Reduce memory load on the system
#   Increase physical memory or swap space
#   Check if swap backing store is full
#   Decrease Java heap size (-Xmx/-Xms)
#   Decrease number of Java threads
#   Decrease Java thread stack sizes (-Xss)
#   Set larger code cache with -XX:ReservedCodeCacheSize=
#   JVM is running with Unscaled Compressed Oops mode in which the Java heap is
#     placed in the first 4GB address space. The Java Heap base address is the
#     maximum limit for the native heap growth. Please use -XX:HeapBaseMinAddress
#     to set the Java Heap base and to place the Java Heap above 4GB virtual address.
# This output file may be truncated or incomplete.
#
#  Out of Memory Error (allocation.cpp:272), pid=5364, tid=0x0000000000001de8
#
# JRE version: OpenJDK Runtime Environment (8.0_202-b03) (build 1.8.0_202-release-1483-b03)
# Java VM: OpenJDK 64-Bit Server VM (25.202-b03 mixed mode windows-amd64 compressed oops)
# Failed to write core dump. Minidumps are not enabled by default on client versions of Windows
#

---------------  T H R E A D  ---------------

Current thread (0x000000001410e000):  JavaThread "C2 CompilerThread0" daemon [_thread_in_native, id=7656, stack(0x0000000015760000,0x0000000015860000)]

Stack: [0x0000000015760000,0x0000000015860000]
[error occurred during error reporting (printing stack bounds), id 0xc0000005]

Native frames: (J=compiled Java code, j=interpreted, Vv=VM code, C=native code)


Current CompileTask:
C2:   3007 1388       4       java.net.URLClassLoader$1::run (5 bytes)


---------------  P R O C E S S  ---------------

Java Threads: ( => current thread )
  0x0000000016c7a000 JavaThread "Cache worker for file hash cache (C:\Users\ASUS\Downloads\KuisPilihanGanda1\.gradle\5.4.1\fileHashes)" [_thread_blocked, id=1208, stack(0x000000001c4d0000,0x000000001c5d0000)]
  0x0000000016c7c800 JavaThread "Cache worker for journal cache (C:\Users\ASUS\.gradle\caches\journal-1)" [_thread_blocked, id=7408, stack(0x0000000018cb0000,0x0000000018db0000)]
  0x0000000016c7b800 JavaThread "File lock request listener" [_thread_in_native, id=2628, stack(0x0000000018bb0000,0x0000000018cb0000)]
  0x0000000016c86800 JavaThread "Cache worker for file hash cache (C:\Users\ASUS\.gradle\caches\5.4.1\fileHashes)" [_thread_blocked, id=1464, stack(0x0000000018ab0000,0x0000000018bb0000)]
  0x0000000017241000 JavaThread "Thread-9" [_thread_blocked, id=2448, stack(0x00000000189b0000,0x0000000018ab0000)]
  0x000000001704c000 JavaThread "Stdin handler" [_thread_blocked, id=8092, stack(0x00000000188b0000,0x00000000189b0000)]
  0x0000000017049000 JavaThread "Asynchronous log dispatcher for DefaultDaemonConnection: socket connection from /127.0.0.1:58993 to /127.0.0.1:58994" [_thread_blocked, id=13608, stack(0x00000000187b0000,0x00000000188b0000)]
  0x000000001759f000 JavaThread "Daemon worker" [_thread_in_native, id=10552, stack(0x00000000186b0000,0x00000000187b0000)]
  0x000000001759e000 JavaThread "Cancel handler" [_thread_blocked, id=6916, stack(0x00000000185b0000,0x00000000186b0000)]
  0x0000000016268800 JavaThread "Handler for socket connection from /127.0.0.1:58993 to /127.0.0.1:58994" [_thread_in_native, id=13564, stack(0x00000000182b0000,0x00000000183b0000)]
  0x0000000016268000 JavaThread "Daemon" [_thread_blocked, id=6880, stack(0x00000000181b0000,0x00000000182b0000)]
  0x000000001706a800 JavaThread "Daemon periodic checks" [_thread_blocked, id=712, stack(0x00000000180b0000,0x00000000181b0000)]
  0x000000001622c000 JavaThread "Incoming local TCP Connector on port 58993" [_thread_in_native, id=8280, stack(0x0000000017e70000,0x0000000017f70000)]
  0x0000000017008800 JavaThread "Daemon health stats" [_thread_blocked, id=2936, stack(0x0000000017830000,0x0000000017930000)]
  0x0000000015a88800 JavaThread "Service Thread" daemon [_thread_blocked, id=11216, stack(0x0000000015e60000,0x0000000015f60000)]
  0x000000001411a000 JavaThread "C1 CompilerThread2" daemon [_thread_blocked, id=904, stack(0x0000000015960000,0x0000000015a60000)]
  0x0000000014111800 JavaThread "C2 CompilerThread1" daemon [_thread_in_native, id=13036, stack(0x0000000015860000,0x0000000015960000)]
=>0x000000001410e000 JavaThread "C2 CompilerThread0" daemon [_thread_in_native, id=7656, stack(0x0000000015760000,0x0000000015860000)]
  0x000000001410c800 JavaThread "Attach Listener" daemon [_thread_blocked, id=7392, stack(0x0000000015660000,0x0000000015760000)]
  0x000000001410b000 JavaThread "Signal Dispatcher" daemon [_thread_blocked, id=8004, stack(0x0000000015560000,0x0000000015660000)]
  0x0000000002d9c000 JavaThread "Finalizer" daemon [_thread_blocked, id=3376, stack(0x0000000015360000,0x0000000015460000)]
  0x00000000140f9000 JavaThread "Reference Handler" daemon [_thread_blocked, id=2544, stack(0x0000000015260000,0x0000000015360000)]
  0x0000000002ca2800 JavaThread "main" [_thread_blocked, id=13884, stack(0x0000000002ba0000,0x0000000002ca0000)]

Other Threads:
  0x00000000140d6800 VMThread [stack: 0x0000000015160000,0x0000000015260000] [id=10484]
  0x000000001416d800 WatcherThread [stack: 0x0000000015f60000,0x0000000016060000] [id=9140]

VM state:not at safepoint (normal execution)

VM Mutex/Monitor currently owned by a thread: None

heap address: 0x00000000e0000000, size: 512 MB, Compressed Oops mode: 32-bit
Narrow klass base: 0x0000000000000000, Narrow klass shift: 3
Compressed class space size: 1073741824 Address: 0x0000000100000000

Heap:
 PSYoungGen      total 38400K, used 21764K [0x00000000f5580000, 0x00000000f8000000, 0x0000000100000000)
  eden space 33280K, 50% used [0x00000000f5580000,0x00000000f65c5198,0x00000000f7600000)
  from space 5120K, 99% used [0x00000000f7b00000,0x00000000f7ffc030,0x00000000f8000000)
  to   space 5120K, 0% used [0x00000000f7600000,0x00000000f7600000,0x00000000f7b00000)
 ParOldGen       total 87552K, used 4911K [0x00000000e0000000, 0x00000000e5580000, 0x00000000f5580000)
  object space 87552K, 5% used [0x00000000e0000000,0x00000000e04cbd70,0x00000000e5580000)
 Metaspace       used 17371K, capacity 17750K, committed 18048K, reserved 1064960K
  class space    used 2511K, capacity 2671K, committed 2688K, reserved 1048576K

Card table byte_map: [0x0000000012160000,0x0000000012270000] byte_map_base: 0x0000000011a60000

Marking Bits: (ParMarkBitMap*) 0x0000000071969f30
 Begin Bits: [0x0000000012670000, 0x0000000012e70000)
 End Bits:   [0x0000000012e70000, 0x0000000013670000)

Polling page: 0x00000000011f0000

CodeCache: size=245760Kb used=5344Kb max_used=5344Kb free=240415Kb
 bounds [0x0000000002da0000, 0x00000000032e0000, 0x0000000011da0000]
 total_blobs=1945 nmethods=1547 adapters=311
 compilation: enabled

Compilation events (10 events):
Event: 2.994 Thread 0x000000001411a000 nmethod 1550 0x00000000032d5e50 code [0x00000000032d6080, 0x00000000032d6e48]
Event: 2.995 Thread 0x000000001411a000 1552       3       java.lang.Class::privateGetDeclaredMethods (67 bytes)
Event: 2.996 Thread 0x000000001411a000 nmethod 1552 0x00000000032d7490 code [0x00000000032d7680, 0x00000000032d7fa8]
Event: 2.998 Thread 0x000000001411a000 1553       3       java.util.Arrays::asList (9 bytes)
Event: 2.999 Thread 0x000000001411a000 nmethod 1553 0x00000000032d8350 code [0x00000000032d84e0, 0x00000000032d8948]
Event: 3.003 Thread 0x000000001411a000 1554       3       java.net.URI::match (56 bytes)
Event: 3.004 Thread 0x000000001411a000 nmethod 1554 0x00000000032d8bd0 code [0x00000000032d8d40, 0x00000000032d9050]
Event: 3.004 Thread 0x000000001411a000 1555       3       java.net.URI::access$300 (7 bytes)
Event: 3.004 Thread 0x000000001411a000 nmethod 1555 0x00000000032d90d0 code [0x00000000032d9240, 0x00000000032d93a8]
Event: 3.004 Thread 0x000000001411a000 1556       3       java.net.URI$Parser::scan (73 bytes)

GC Heap History (8 events):
Event: 0.819 GC heap before
{Heap before GC invocations=1 (full 0):
 PSYoungGen      total 38400K, used 33280K [0x00000000f5580000, 0x00000000f8000000, 0x0000000100000000)
  eden space 33280K, 100% used [0x00000000f5580000,0x00000000f7600000,0x00000000f7600000)
  from space 5120K, 0% used [0x00000000f7b00000,0x00000000f7b00000,0x00000000f8000000)
  to   space 5120K, 0% used [0x00000000f7600000,0x00000000f7600000,0x00000000f7b00000)
 ParOldGen       total 87552K, used 0K [0x00000000e0000000, 0x00000000e5580000, 0x00000000f5580000)
  object space 87552K, 0% used [0x00000000e0000000,0x00000000e0000000,0x00000000e5580000)
 Metaspace       used 6644K, capacity 6800K, committed 7040K, reserved 1056768K
  class space    used 811K, capacity 844K, committed 896K, reserved 1048576K
Event: 0.825 GC heap after
Heap after GC invocations=1 (full 0):
 PSYoungGen      total 38400K, used 4105K [0x00000000f5580000, 0x00000000f8000000, 0x0000000100000000)
  eden space 33280K, 0% used [0x00000000f5580000,0x00000000f5580000,0x00000000f7600000)
  from space 5120K, 80% used [0x00000000f7600000,0x00000000f7a027d0,0x00000000f7b00000)
  to   space 5120K, 0% used [0x00000000f7b00000,0x00000000f7b00000,0x00000000f8000000)
 ParOldGen       total 87552K, used 8K [0x00000000e0000000, 0x00000000e5580000, 0x00000000f5580000)
  object space 87552K, 0% used [0x00000000e0000000,0x00000000e0002000,0x00000000e5580000)
 Metaspace       used 6644K, capacity 6800K, committed 7040K, reserved 1056768K
  class space    used 811K, capacity 844K, committed 896K, reserved 1048576K
}
Event: 1.243 GC heap before
{Heap before GC invocations=2 (full 0):
 PSYoungGen      total 38400K, used 37385K [0x00000000f5580000, 0x00000000f8000000, 0x0000000100000000)
  eden space 33280K, 100% used [0x00000000f5580000,0x00000000f7600000,0x00000000f7600000)
  from space 5120K, 80% used [0x00000000f7600000,0x00000000f7a027d0,0x00000000f7b00000)
  to   space 5120K, 0% used [0x00000000f7b00000,0x00000000f7b00000,0x00000000f8000000)
 ParOldGen       total 87552K, used 8K [0x00000000e0000000, 0x00000000e5580000, 0x00000000f5580000)
  object space 87552K, 0% used [0x00000000e0000000,0x00000000e0002000,0x00000000e5580000)
 Metaspace       used 8961K, capacity 9206K, committed 9472K, reserved 1056768K
  class space    used 1173K, capacity 1259K, committed 1280K, reserved 1048576K
Event: 1.247 GC heap after
Heap after GC invocations=2 (full 0):
 PSYoungGen      total 38400K, used 4477K [0x00000000f5580000, 0x00000000f8000000, 0x0000000100000000)
  eden space 33280K, 0% used [0x00000000f5580000,0x00000000f5580000,0x00000000f7600000)
  from space 5120K, 87% used [0x00000000f7b00000,0x00000000f7f5f7b0,0x00000000f8000000)
  to   space 5120K, 0% used [0x00000000f7600000,0x00000000f7600000,0x00000000f7b00000)
 ParOldGen       total 87552K, used 16K [0x00000000e0000000, 0x00000000e5580000, 0x00000000f5580000)
  object space 87552K, 0% used [0x00000000e0000000,0x00000000e0004000,0x00000000e5580000)
 Metaspace       used 8961K, capacity 9206K, committed 9472K, reserved 1056768K
  class space    used 1173K, capacity 1259K, committed 1280K, reserved 1048576K
}
Event: 2.108 GC heap before
{Heap before GC invocations=3 (full 0):
 PSYoungGen      total 38400K, used 37757K [0x00000000f5580000, 0x00000000f8000000, 0x0000000100000000)
  eden space 33280K, 100% used [0x00000000f5580000,0x00000000f7600000,0x00000000f7600000)
  from space 5120K, 87% used [0x00000000f7b00000,0x00000000f7f5f7b0,0x00000000f8000000)
  to   space 5120K, 0% used [0x00000000f7600000,0x00000000f7600000,0x00000000f7b00000)
 ParOldGen       total 87552K, used 16K [0x00000000e0000000, 0x00000000e5580000, 0x00000000f5580000)
  object space 87552K, 0% used [0x00000000e0000000,0x00000000e0004000,0x00000000e5580000)
 Metaspace       used 13296K, capacity 13636K, committed 13824K, reserved 1060864K
  class space    used 1836K, capacity 1956K, committed 2048K, reserved 1048576K
Event: 2.114 GC heap after
Heap after GC invocations=3 (full 0):
 PSYoungGen      total 38400K, used 5097K [0x00000000f5580000, 0x00000000f8000000, 0x0000000100000000)
  eden space 33280K, 0% used [0x00000000f5580000,0x00000000f5580000,0x00000000f7600000)
  from space 5120K, 99% used [0x00000000f7600000,0x00000000f7afa610,0x00000000f7b00000)
  to   space 5120K, 0% used [0x00000000f7b00000,0x00000000f7b00000,0x00000000f8000000)
 ParOldGen       total 87552K, used 1870K [0x00000000e0000000, 0x00000000e5580000, 0x00000000f5580000)
  object space 87552K, 2% used [0x00000000e0000000,0x00000000e01d3970,0x00000000e5580000)
 Metaspace       used 13296K, capacity 13636K, committed 13824K, reserved 1060864K
  class space    used 1836K, capacity 1956K, committed 2048K, reserved 1048576K
}
Event: 2.604 GC heap before
{Heap before GC invocations=4 (full 0):
 PSYoungGen      total 38400K, used 38377K [0x00000000f5580000, 0x00000000f8000000, 0x0000000100000000)
  eden space 33280K, 100% used [0x00000000f5580000,0x00000000f7600000,0x00000000f7600000)
  from space 5120K, 99% used [0x00000000f7600000,0x00000000f7afa610,0x00000000f7b00000)
  to   space 5120K, 0% used [0x00000000f7b00000,0x00000000f7b00000,0x00000000f8000000)
 ParOldGen       total 87552K, used 1870K [0x00000000e0000000, 0x00000000e5580000, 0x00000000f5580000)
  object space 87552K, 2% used [0x00000000e0000000,0x00000000e01d3970,0x00000000e5580000)
 Metaspace       used 16152K, capacity 16564K, committed 16896K, reserved 1062912K
  class space    used 2297K, capacity 2446K, committed 2560K, reserved 1048576K
Event: 2.622 GC heap after
Heap after GC invocations=4 (full 0):
 PSYoungGen      total 38400K, used 5104K [0x00000000f5580000, 0x00000000f8000000, 0x0000000100000000)
  eden space 33280K, 0% used [0x00000000f5580000,0x00000000f5580000,0x00000000f7600000)
  from space 5120K, 99% used [0x00000000f7b00000,0x00000000f7ffc030,0x00000000f8000000)
  to   space 5120K, 0% used [0x00000000f7600000,0x00000000f7600000,0x00000000f7b00000)
 ParOldGen       total 87552K, used 4911K [0x00000000e0000000, 0x00000000e5580000, 0x00000000f5580000)
  object space 87552K, 5% used [0x00000000e0000000,0x00000000e04cbd70,0x00000000e5580000)
 Metaspace       used 16152K, capacity 16564K, committed 16896K, reserved 1062912K
  class space    used 2297K, capacity 2446K, committed 2560K, reserved 1048576K
}

Deoptimization events (10 events):
Event: 1.923 Thread 0x000000001759f000 Uncommon trap: reason=bimorphic action=maybe_recompile pc=0x0000000003032df0 method=java.util.HashMap.putVal(ILjava/lang/Object;Ljava/lang/Object;ZZ)Ljava/lang/Object; @ 253
Event: 1.924 Thread 0x000000001759f000 Uncommon trap: reason=bimorphic action=maybe_recompile pc=0x0000000003032df0 method=java.util.HashMap.putVal(ILjava/lang/Object;Ljava/lang/Object;ZZ)Ljava/lang/Object; @ 253
Event: 2.105 Thread 0x000000001759f000 Uncommon trap: reason=class_check action=maybe_recompile pc=0x0000000003073958 method=java.util.regex.Matcher.match(II)Z @ 86
Event: 2.123 Thread 0x000000001759f000 Uncommon trap: reason=class_check action=maybe_recompile pc=0x0000000003073958 method=java.util.regex.Matcher.match(II)Z @ 86
Event: 2.123 Thread 0x000000001759f000 Uncommon trap: reason=class_check action=maybe_recompile pc=0x0000000003073958 method=java.util.regex.Matcher.match(II)Z @ 86
Event: 2.123 Thread 0x000000001759f000 Uncommon trap: reason=class_check action=maybe_recompile pc=0x000000000302e39c method=java.util.regex.Matcher.match(II)Z @ 86
Event: 2.339 Thread 0x000000001759f000 Uncommon trap: reason=unstable_if action=reinterpret pc=0x0000000003137e34 method=java.lang.String.lastIndexOf([CII[CIII)I @ 66
Event: 3.003 Thread 0x000000001759f000 Uncommon trap: reason=unstable_if action=reinterpret pc=0x0000000002f07648 method=java.net.URI.match(CJJ)Z @ 19
Event: 3.004 Thread 0x000000001759f000 Uncommon trap: reason=unstable_if action=reinterpret pc=0x0000000002ff0f80 method=java.net.URI.match(CJJ)Z @ 19
Event: 3.004 Thread 0x000000001759f000 Uncommon trap: reason=unstable_if action=reinterpret pc=0x0000000002f08148 method=java.net.URI.match(CJJ)Z @ 19

Classes redefined (0 events):
No events

Internal exceptions (10 events):
Event: 1.228 Thread 0x0000000002ca2800 Exception <a 'java/lang/NoSuchFieldError': method resolution failed> (0x00000000f7573f98) thrown at [D:\src\AOSP-openjdk-cygwin\jdk8u\hotspot\src\share\vm\prims\methodHandles.cpp, line 1167]
Event: 1.230 Thread 0x0000000002ca2800 Exception <a 'java/lang/NoSuchFieldError': method resolution failed> (0x00000000f7581c98) thrown at [D:\src\AOSP-openjdk-cygwin\jdk8u\hotspot\src\share\vm\prims\methodHandles.cpp, line 1167]
Event: 1.824 Thread 0x0000000002ca2800 Exception <a 'java/io/IOException'> (0x00000000f5d75880) thrown at [D:\src\AOSP-openjdk-cygwin\jdk8u\hotspot\src\share\vm\prims\jni.cpp, line 710]
Event: 1.867 Thread 0x0000000016268800 Exception <a 'java/lang/NoSuchMethodError': <clinit>> (0x00000000f5fdb480) thrown at [D:\src\AOSP-openjdk-cygwin\jdk8u\hotspot\src\share\vm\prims\jni.cpp, line 1614]
Event: 1.869 Thread 0x0000000016268800 Exception <a 'java/lang/NoSuchMethodError': <clinit>> (0x00000000f5fe5230) thrown at [D:\src\AOSP-openjdk-cygwin\jdk8u\hotspot\src\share\vm\prims\jni.cpp, line 1614]
Event: 1.870 Thread 0x0000000016268800 Exception <a 'java/lang/NoSuchMethodError': <clinit>> (0x00000000f5ff93d0) thrown at [D:\src\AOSP-openjdk-cygwin\jdk8u\hotspot\src\share\vm\prims\jni.cpp, line 1614]
Event: 1.878 Thread 0x0000000016268800 Exception <a 'java/lang/NoSuchMethodError': <clinit>> (0x00000000f6054290) thrown at [D:\src\AOSP-openjdk-cygwin\jdk8u\hotspot\src\share\vm\prims\jni.cpp, line 1614]
Event: 1.884 Thread 0x0000000016268800 Exception <a 'java/lang/NoSuchMethodError': <clinit>> (0x00000000f608bfd0) thrown at [D:\src\AOSP-openjdk-cygwin\jdk8u\hotspot\src\share\vm\prims\jni.cpp, line 1614]
Event: 1.889 Thread 0x0000000016268800 Exception <a 'java/lang/NoSuchMethodError': <clinit>> (0x00000000f60c1e98) thrown at [D:\src\AOSP-openjdk-cygwin\jdk8u\hotspot\src\share\vm\prims\jni.cpp, line 1614]
Event: 1.890 Thread 0x0000000016268800 Exception <a 'java/lang/NoSuchMethodError': <clinit>> (0x00000000f60cd900) thrown at [D:\src\AOSP-openjdk-cygwin\jdk8u\hotspot\src\share\vm\prims\jni.cpp, line 1614]

Events (10 events):
Event: 3.003 loading class org/gradle/initialization/DefaultJdkToolsInitializer done
Event: 3.003 Thread 0x000000001759f000 Uncommon trap: trap_request=0xffffff65 fr.pc=0x0000000002f07648
Event: 3.003 Thread 0x000000001759f000 DEOPT PACKING pc=0x0000000002f07648 sp=0x00000000187abd20
Event: 3.003 Thread 0x000000001759f000 DEOPT UNPACKING pc=0x0000000002de557b sp=0x00000000187abcb0 mode 2
Event: 3.004 Thread 0x000000001759f000 Uncommon trap: trap_request=0xffffff65 fr.pc=0x0000000002ff0f80
Event: 3.004 Thread 0x000000001759f000 DEOPT PACKING pc=0x0000000002ff0f80 sp=0x00000000187abd20
Event: 3.004 Thread 0x000000001759f000 DEOPT UNPACKING pc=0x0000000002de557b sp=0x00000000187abba8 mode 2
Event: 3.004 Thread 0x000000001759f000 Uncommon trap: trap_request=0xffffff65 fr.pc=0x0000000002f08148
Event: 3.004 Thread 0x000000001759f000 DEOPT PACKING pc=0x0000000002f08148 sp=0x00000000187abc60
Event: 3.004 Thread 0x000000001759f000 DEOPT UNPACKING pc=0x0000000002de557b sp=0x00000000187abba0 mode 2


Dynamic libraries:
0x00007ff7513e0000 - 0x00007ff751411000 	C:\Program Files\Android\Android Studio1\jre\bin\java.exe
0x00007ff868d40000 - 0x00007ff868f30000 	C:\WINDOWS\SYSTEM32\ntdll.dll
0x00007ff868350000 - 0x00007ff868402000 	C:\WINDOWS\System32\KERNEL32.DLL
0x00007ff866830000 - 0x00007ff866ad3000 	C:\WINDOWS\System32\KERNELBASE.dll
0x00007ff867990000 - 0x00007ff867a33000 	C:\WINDOWS\System32\ADVAPI32.dll
0x00007ff8673c0000 - 0x00007ff86745e000 	C:\WINDOWS\System32\msvcrt.dll
0x00007ff866e20000 - 0x00007ff866eb7000 	C:\WINDOWS\System32\sechost.dll
0x00007ff868b10000 - 0x00007ff868c30000 	C:\WINDOWS\System32\RPCRT4.dll
0x00007ff868630000 - 0x00007ff8687c4000 	C:\WINDOWS\System32\USER32.dll
0x00007ff866d70000 - 0x00007ff866d91000 	C:\WINDOWS\System32\win32u.dll
0x00007ff867ba0000 - 0x00007ff867bc6000 	C:\WINDOWS\System32\GDI32.dll
0x00007ff866690000 - 0x00007ff866824000 	C:\WINDOWS\System32\gdi32full.dll
0x00007ff8665d0000 - 0x00007ff86666e000 	C:\WINDOWS\System32\msvcp_win.dll
0x00007ff866bc0000 - 0x00007ff866cba000 	C:\WINDOWS\System32\ucrtbase.dll
0x00007ff8650f0000 - 0x00007ff865375000 	C:\WINDOWS\WinSxS\amd64_microsoft.windows.common-controls_6595b64144ccf1df_6.0.18362.535_none_e6c3b34713100821\COMCTL32.dll
0x00007ff8687d0000 - 0x00007ff868b06000 	C:\WINDOWS\System32\combase.dll
0x00007ff866b40000 - 0x00007ff866bc0000 	C:\WINDOWS\System32\bcryptPrimitives.dll
0x00007ff866df0000 - 0x00007ff866e1e000 	C:\WINDOWS\System32\IMM32.DLL
0x00000000710c0000 - 0x0000000071192000 	C:\Program Files\Android\Android Studio1\jre\jre\bin\msvcr100.dll
0x00000000711a0000 - 0x00000000719e6000 	C:\Program Files\Android\Android Studio1\jre\jre\bin\server\jvm.dll
0x00007ff8682c0000 - 0x00007ff8682c8000 	C:\WINDOWS\System32\PSAPI.DLL
0x00007ff860970000 - 0x00007ff860994000 	C:\WINDOWS\SYSTEM32\WINMM.dll
0x00007ff857b90000 - 0x00007ff857b9a000 	C:\WINDOWS\SYSTEM32\VERSION.dll
0x00007ff852370000 - 0x00007ff852379000 	C:\WINDOWS\SYSTEM32\WSOCK32.dll
0x00007ff868480000 - 0x00007ff8684ef000 	C:\WINDOWS\System32\WS2_32.dll
0x00007ff860940000 - 0x00007ff86096d000 	C:\WINDOWS\SYSTEM32\WINMMBASE.dll
0x00007ff866da0000 - 0x00007ff866dea000 	C:\WINDOWS\System32\cfgmgr32.dll
0x00007ff84f430000 - 0x00007ff84f43f000 	C:\Program Files\Android\Android Studio1\jre\jre\bin\verify.dll
0x00007ff840300000 - 0x00007ff840329000 	C:\Program Files\Android\Android Studio1\jre\jre\bin\java.dll
0x00007ff8402e0000 - 0x00007ff8402f6000 	C:\Program Files\Android\Android Studio1\jre\jre\bin\zip.dll
0x00007ff867bd0000 - 0x00007ff8682b5000 	C:\WINDOWS\System32\SHELL32.dll
0x00007ff866f90000 - 0x00007ff867039000 	C:\WINDOWS\System32\shcore.dll
0x00007ff865e20000 - 0x00007ff86659f000 	C:\WINDOWS\System32\windows.storage.dll
0x00007ff865c40000 - 0x00007ff865c5f000 	C:\WINDOWS\System32\profapi.dll
0x00007ff865c80000 - 0x00007ff865cca000 	C:\WINDOWS\System32\powrprof.dll
0x00007ff865c10000 - 0x00007ff865c20000 	C:\WINDOWS\System32\UMPDC.dll
0x00007ff867930000 - 0x00007ff867982000 	C:\WINDOWS\System32\shlwapi.dll
0x00007ff865c20000 - 0x00007ff865c31000 	C:\WINDOWS\System32\kernel.appcore.dll
0x00007ff866670000 - 0x00007ff866687000 	C:\WINDOWS\System32\cryptsp.dll
0x00007ff834e00000 - 0x00007ff834e1a000 	C:\Program Files\Android\Android Studio1\jre\jre\bin\net.dll
0x00007ff864e00000 - 0x00007ff864e67000 	C:\WINDOWS\system32\mswsock.dll
0x00007ff834de0000 - 0x00007ff834df1000 	C:\Program Files\Android\Android Studio1\jre\jre\bin\nio.dll
0x00007ff8601c0000 - 0x00007ff8601e6000 	C:\Users\ASUS\.gradle\native\29\windows-amd64\native-platform.dll
0x00007ff844270000 - 0x00007ff84427d000 	C:\Program Files\Android\Android Studio1\jre\jre\bin\management.dll
0x00007ff864970000 - 0x00007ff8649a3000 	C:\WINDOWS\system32\rsaenh.dll
0x00007ff8665a0000 - 0x00007ff8665c6000 	C:\WINDOWS\System32\bcrypt.dll
0x00007ff865b30000 - 0x00007ff865b55000 	C:\WINDOWS\SYSTEM32\USERENV.dll
0x00007ff864fd0000 - 0x00007ff864fdc000 	C:\WINDOWS\SYSTEM32\CRYPTBASE.dll
0x00007ff864b10000 - 0x00007ff864b4a000 	C:\WINDOWS\SYSTEM32\IPHLPAPI.DLL
0x00007ff867040000 - 0x00007ff867048000 	C:\WINDOWS\System32\NSI.dll
0x00007ff85ab00000 - 0x00007ff85ab16000 	C:\WINDOWS\SYSTEM32\dhcpcsvc6.DLL
0x00007ff85c5a0000 - 0x00007ff85c5bc000 	C:\WINDOWS\SYSTEM32\dhcpcsvc.DLL
0x00007ff864b60000 - 0x00007ff864c2a000 	C:\WINDOWS\SYSTEM32\DNSAPI.dll

VM Arguments:
jvm_args: -Xmx2048M -Dfile.encoding=windows-1252 -Duser.country=US -Duser.language=en -Duser.variant -Xmx512M 
java_command: org.gradle.launcher.daemon.bootstrap.GradleDaemon 5.4.1
java_class_path (initial): C:\Users\ASUS\.gradle\wrapper\dists\gradle-5.4.1-all\3221gyojl5jsh0helicew7rwx\gradle-5.4.1\lib\gradle-launcher-5.4.1.jar
Launcher Type: SUN_STANDARD

Environment Variables:
JAVA_HOME=D:\Kuliah Citra\SMT 5\DW\TOS_DI-20190620_1446-V7.2.1\jdk1.8.0_161\jre\bin\javaw.exe
_JAVA_OPTIONS=-Xmx512M
PATH=C:\WINDOWS\System32;C:\Users\ASUS\AppData\Local\Microsoft\WindowsApps;;C:\Users\ASUS\AppData\Local\Programs\Microsoft VS Code\bin;C:\Users\ASUS\AppData\Roaming\Composer\vendor\bin
USERNAME=ASUS
OS=Windows_NT
PROCESSOR_IDENTIFIER=Intel64 Family 6 Model 142 Stepping 9, GenuineIntel



---------------  S Y S T E M  ---------------

OS: Windows 10.0 , 64 bit Build 18362 (10.0.18362.329)

CPU:total 4 (initial active 4) (2 cores per cpu, 2 threads per core) family 6 model 142 stepping 9, cmov, cx8, fxsr, mmx, sse, sse2, sse3, ssse3, sse4.1, sse4.2, popcnt, avx, avx2, aes, clmul, erms, 3dnowpref, lzcnt, ht, tsc, tscinvbit, bmi1, bmi2, adx

Memory: 4k page, physical 8266120k(1212860k free), swap 33431944k(3032k free)

vm_info: OpenJDK 64-Bit Server VM (25.202-b03) for windows-amd64 JRE (1.8.0_202-release-1483-b03), built by "builder" with MS VC++ 10.0 (VS2010)

time: Mon Dec 16 23:51:05 2019
timezone: Malay Peninsula Standard Time
elapsed time: 3 seconds (0d 0h 0m 3s)

