#
# There is insufficient memory for the Java Runtime Environment to continue.
# Native memory allocation (malloc) failed to allocate 32744 bytes for ChunkPool::allocate
# Possible reasons:
#   The system is out of physical RAM or swap space
#   The process is running with CompressedOops enabled, and the Java Heap may be blocking the growth of the native heap
# Possible solutions:
#   Reduce memory load on the system
#   Increase physical memory or swap space
#   Check if swap backing store is full
#   Decrease Java heap size (-Xmx/-Xms)
#   Decrease number of Java threads
#   Decrease Java thread stack sizes (-Xss)
#   Set larger code cache with -XX:ReservedCodeCacheSize=
#   JVM is running with Unscaled Compressed Oops mode in which the Java heap is
#     placed in the first 4GB address space. The Java Heap base address is the
#     maximum limit for the native heap growth. Please use -XX:HeapBaseMinAddress
#     to set the Java Heap base and to place the Java Heap above 4GB virtual address.
# This output file may be truncated or incomplete.
#
#  Out of Memory Error (allocation.cpp:272), pid=6428, tid=0x0000000000001128
#
# JRE version: OpenJDK Runtime Environment (8.0_202-b03) (build 1.8.0_202-release-1483-b03)
# Java VM: OpenJDK 64-Bit Server VM (25.202-b03 mixed mode windows-amd64 compressed oops)
# Failed to write core dump. Minidumps are not enabled by default on client versions of Windows
#

---------------  T H R E A D  ---------------

Current thread (0x00000000156f9000):  JavaThread "Daemon worker" [_thread_in_vm, id=4392, stack(0x0000000018070000,0x0000000018170000)]

Stack: [0x0000000018070000,0x0000000018170000]
[error occurred during error reporting (printing stack bounds), id 0xc0000005]

Native frames: (J=compiled Java code, j=interpreted, Vv=VM code, C=native code)

Java frames: (J=compiled Java code, j=interpreted, Vv=VM code)
J 773  java.lang.ClassLoader.defineClass1(Ljava/lang/String;[BIILjava/security/ProtectionDomain;Ljava/lang/String;)Ljava/lang/Class; (0 bytes) @ 0x0000000002a8051f [0x0000000002a80480+0x9f]
J 490 C1 java.lang.ClassLoader.defineClass(Ljava/lang/String;[BIILjava/security/ProtectionDomain;)Ljava/lang/Class; (43 bytes) @ 0x000000000298f024 [0x000000000298ea40+0x5e4]
J 431 C1 java.net.URLClassLoader.defineClass(Ljava/lang/String;Lsun/misc/Resource;)Ljava/lang/Class; (142 bytes) @ 0x00000000029660a4 [0x0000000002964540+0x1b64]
J 326 C1 java.net.URLClassLoader$1.run()Ljava/lang/Class; (63 bytes) @ 0x000000000291e42c [0x000000000291e160+0x2cc]
J 325 C1 java.net.URLClassLoader$1.run()Ljava/lang/Object; (5 bytes) @ 0x000000000291ddcc [0x000000000291dd40+0x8c]
v  ~StubRoutines::call_stub
J 249  java.security.AccessController.doPrivileged(Ljava/security/PrivilegedExceptionAction;Ljava/security/AccessControlContext;)Ljava/lang/Object; (0 bytes) @ 0x00000000028e6fa6 [0x00000000028e6f40+0x66]
J 1433 C2 java.net.URLClassLoader.findClass(Ljava/lang/String;)Ljava/lang/Class; (47 bytes) @ 0x0000000002c43d30 [0x0000000002c43ca0+0x90]
J 1382 C2 java.lang.ClassLoader.loadClass(Ljava/lang/String;Z)Ljava/lang/Class; (122 bytes) @ 0x0000000002c1ea04 [0x0000000002c1da00+0x1004]
J 313 C1 java.lang.ClassLoader.loadClass(Ljava/lang/String;)Ljava/lang/Class; (7 bytes) @ 0x00000000029193cc [0x00000000029192c0+0x10c]
v  ~StubRoutines::call_stub
j  org.gradle.internal.resource.transport.http.DefaultSslContextFactory.<init>()V+11
j  org.gradle.internal.resource.transport.http.HttpResourcesPluginServiceRegistry$GlobalScopeServices.createSslContextFactory()Lorg/gradle/internal/resource/transport/http/SslContextFactory;+4
v  ~StubRoutines::call_stub
j  sun.reflect.NativeMethodAccessorImpl.invoke0(Ljava/lang/reflect/Method;Ljava/lang/Object;[Ljava/lang/Object;)Ljava/lang/Object;+0
j  sun.reflect.NativeMethodAccessorImpl.invoke(Ljava/lang/Object;[Ljava/lang/Object;)Ljava/lang/Object;+100
J 1164 C1 sun.reflect.DelegatingMethodAccessorImpl.invoke(Ljava/lang/Object;[Ljava/lang/Object;)Ljava/lang/Object; (10 bytes) @ 0x0000000002b83544 [0x0000000002b83440+0x104]
J 1163 C1 java.lang.reflect.Method.invoke(Ljava/lang/Object;[Ljava/lang/Object;)Ljava/lang/Object; (62 bytes) @ 0x0000000002b82f6c [0x0000000002b82b80+0x3ec]
j  org.gradle.internal.reflect.JavaMethod.invoke(Ljava/lang/Object;[Ljava/lang/Object;)Ljava/lang/Object;+6
j  org.gradle.internal.service.ReflectionBasedServiceMethod.invoke(Ljava/lang/Object;[Ljava/lang/Object;)Ljava/lang/Object;+6
j  org.gradle.internal.service.DefaultServiceRegistry$FactoryMethodService.invokeMethod([Ljava/lang/Object;)Ljava/lang/Object;+9
j  org.gradle.internal.service.DefaultServiceRegistry$FactoryService.create()Ljava/lang/Object;+7
j  org.gradle.internal.service.DefaultServiceRegistry$ManagedObjectServiceProvider.getInstance()Ljava/lang/Object;+24
j  org.gradle.internal.service.DefaultServiceRegistry$SingletonService.get()Ljava/lang/Object;+1
j  org.gradle.internal.service.DefaultServiceRegistry$FactoryService.assembleParameters()[Ljava/lang/Object;+44
j  org.gradle.internal.service.DefaultServiceRegistry$FactoryService.create()Ljava/lang/Object;+1
j  org.gradle.internal.service.DefaultServiceRegistry$ManagedObjectServiceProvider.getInstance()Ljava/lang/Object;+24
j  org.gradle.internal.service.DefaultServiceRegistry$SingletonService.get()Ljava/lang/Object;+1
j  org.gradle.internal.service.DefaultServiceRegistry.getCollectionService(Ljava/lang/Class;Lorg/gradle/internal/service/ServiceProvider;)Lorg/gradle/internal/service/Service;+78
j  org.gradle.internal.service.DefaultServiceRegistry.getCollectionService(Ljava/lang/reflect/Type;Lorg/gradle/internal/service/ServiceProvider;)Lorg/gradle/internal/service/Service;+15
j  org.gradle.internal.service.DefaultServiceRegistry.find(Ljava/lang/reflect/Type;Lorg/gradle/internal/service/ServiceProvider;)Lorg/gradle/internal/service/Service;+83
j  org.gradle.internal.service.DefaultServiceRegistry$FactoryService.bind()V+187
J 1397 C1 org.gradle.internal.service.DefaultServiceRegistry$SingletonService.prepare()Lorg/gradle/internal/service/Service; (111 bytes) @ 0x0000000002c1c3f4 [0x0000000002c1c120+0x2d4]
j  org.gradle.internal.service.DefaultServiceRegistry$SingletonService.getService(Ljava/lang/reflect/Type;)Lorg/gradle/internal/service/Service;+14
j  org.gradle.internal.service.DefaultServiceRegistry$OwnServices.getService(Ljava/lang/reflect/Type;)Lorg/gradle/internal/service/Service;+41
j  org.gradle.internal.service.DefaultServiceRegistry$CompositeServiceProvider.getService(Ljava/lang/reflect/Type;)Lorg/gradle/internal/service/Service;+26
j  org.gradle.internal.service.DefaultServiceRegistry.find(Ljava/lang/reflect/Type;Lorg/gradle/internal/service/ServiceProvider;)Lorg/gradle/internal/service/Service;+119
j  org.gradle.internal.service.DefaultServiceRegistry$FactoryService.bind()V+187
J 1397 C1 org.gradle.internal.service.DefaultServiceRegistry$SingletonService.prepare()Lorg/gradle/internal/service/Service; (111 bytes) @ 0x0000000002c1c3f4 [0x0000000002c1c120+0x2d4]
j  org.gradle.internal.service.DefaultServiceRegistry$SingletonService.getService(Ljava/lang/reflect/Type;)Lorg/gradle/internal/service/Service;+14
j  org.gradle.internal.service.DefaultServiceRegistry$OwnServices.getService(Ljava/lang/reflect/Type;)Lorg/gradle/internal/service/Service;+41
j  org.gradle.internal.service.DefaultServiceRegistry$CompositeServiceProvider.getService(Ljava/lang/reflect/Type;)Lorg/gradle/internal/service/Service;+26
j  org.gradle.internal.service.DefaultServiceRegistry.find(Ljava/lang/reflect/Type;Lorg/gradle/internal/service/ServiceProvider;)Lorg/gradle/internal/service/Service;+119
j  org.gradle.internal.service.DefaultServiceRegistry$FactoryService.bind()V+187
J 1397 C1 org.gradle.internal.service.DefaultServiceRegistry$SingletonService.prepare()Lorg/gradle/internal/service/Service; (111 bytes) @ 0x0000000002c1c3f4 [0x0000000002c1c120+0x2d4]
j  org.gradle.internal.service.DefaultServiceRegistry$SingletonService.getService(Ljava/lang/reflect/Type;)Lorg/gradle/internal/service/Service;+14
j  org.gradle.internal.service.DefaultServiceRegistry$OwnServices.getService(Ljava/lang/reflect/Type;)Lorg/gradle/internal/service/Service;+41
j  org.gradle.internal.service.DefaultServiceRegistry$CompositeServiceProvider.getService(Ljava/lang/reflect/Type;)Lorg/gradle/internal/service/Service;+26
j  org.gradle.internal.service.DefaultServiceRegistry.find(Ljava/lang/reflect/Type;Lorg/gradle/internal/service/ServiceProvider;)Lorg/gradle/internal/service/Service;+119
j  org.gradle.internal.service.DefaultServiceRegistry$FactoryService.bind()V+187
J 1397 C1 org.gradle.internal.service.DefaultServiceRegistry$SingletonService.prepare()Lorg/gradle/internal/service/Service; (111 bytes) @ 0x0000000002c1c3f4 [0x0000000002c1c120+0x2d4]
j  org.gradle.internal.service.DefaultServiceRegistry$SingletonService.getService(Ljava/lang/reflect/Type;)Lorg/gradle/internal/service/Service;+14
j  org.gradle.internal.service.DefaultServiceRegistry$OwnServices.getService(Ljava/lang/reflect/Type;)Lorg/gradle/internal/service/Service;+41
j  org.gradle.internal.service.DefaultServiceRegistry$CompositeServiceProvider.getService(Ljava/lang/reflect/Type;)Lorg/gradle/internal/service/Service;+26
j  org.gradle.internal.service.DefaultServiceRegistry.find(Ljava/lang/reflect/Type;Lorg/gradle/internal/service/ServiceProvider;)Lorg/gradle/internal/service/Service;+119
j  org.gradle.internal.service.DefaultServiceRegistry.getService(Ljava/lang/reflect/Type;)Lorg/gradle/internal/service/Service;+10
j  org.gradle.internal.service.DefaultServiceRegistry.find(Ljava/lang/reflect/Type;)Ljava/lang/Object;+9
j  org.gradle.internal.service.DefaultServiceRegistry.get(Ljava/lang/reflect/Type;)Ljava/lang/Object;+2
j  org.gradle.internal.service.DefaultServiceRegistry.get(Ljava/lang/Class;)Ljava/lang/Object;+3
j  org.gradle.initialization.DefaultGradleLauncherFactory.doNewInstance(Lorg/gradle/api/internal/BuildDefinition;Lorg/gradle/internal/build/BuildState;Lorg/gradle/initialization/GradleLauncher;Lorg/gradle/internal/service/scopes/BuildTreeScopeServices;Ljava/util/List;)Lorg/gradle/initialization/DefaultGradleLauncher;+227
j  org.gradle.initialization.DefaultGradleLauncherFactory.newInstance(Lorg/gradle/api/internal/BuildDefinition;Lorg/gradle/internal/build/RootBuildState;Lorg/gradle/internal/service/scopes/BuildTreeScopeServices;)Lorg/gradle/initialization/GradleLauncher;+33
j  org.gradle.composite.internal.DefaultRootBuildState.<init>(Lorg/gradle/api/internal/BuildDefinition;Lorg/gradle/initialization/GradleLauncherFactory;Lorg/gradle/internal/event/ListenerManager;Lorg/gradle/internal/service/scopes/BuildTreeScopeServices;)V+15
j  org.gradle.composite.internal.DefaultIncludedBuildRegistry.createRootBuild(Lorg/gradle/api/internal/BuildDefinition;)Lorg/gradle/internal/build/RootBuildState;+35
j  org.gradle.launcher.exec.InProcessBuildActionExecuter.execute(Lorg/gradle/internal/invocation/BuildAction;Lorg/gradle/initialization/BuildRequestContext;Lorg/gradle/launcher/exec/BuildActionParameters;Lorg/gradle/internal/service/ServiceRegistry;)Lorg/gradle/launcher/exec/BuildActionResult;+61
j  org.gradle.launcher.exec.InProcessBuildActionExecuter.execute(Lorg/gradle/internal/invocation/BuildAction;Lorg/gradle/initialization/BuildRequestContext;Ljava/lang/Object;Lorg/gradle/internal/service/ServiceRegistry;)Lorg/gradle/launcher/exec/BuildActionResult;+9
j  org.gradle.launcher.exec.BuildTreeScopeBuildActionExecuter.execute(Lorg/gradle/internal/invocation/BuildAction;Lorg/gradle/initialization/BuildRequestContext;Lorg/gradle/launcher/exec/BuildActionParameters;Lorg/gradle/internal/service/ServiceRegistry;)Lorg/gradle/launcher/exec/BuildActionResult;+38
j  org.gradle.launcher.exec.BuildTreeScopeBuildActionExecuter.execute(Lorg/gradle/internal/invocation/BuildAction;Lorg/gradle/initialization/BuildRequestContext;Ljava/lang/Object;Lorg/gradle/internal/service/ServiceRegistry;)Lorg/gradle/launcher/exec/BuildActionResult;+9
j  org.gradle.tooling.internal.provider.ContinuousBuildActionExecuter.execute(Lorg/gradle/internal/invocation/BuildAction;Lorg/gradle/initialization/BuildRequestContext;Lorg/gradle/launcher/exec/BuildActionParameters;Lorg/gradle/internal/service/ServiceRegistry;)Lorg/gradle/launcher/exec/BuildActionResult;+58
j  org.gradle.tooling.internal.provider.ContinuousBuildActionExecuter.execute(Lorg/gradle/internal/invocation/BuildAction;Lorg/gradle/initialization/BuildRequestContext;Ljava/lang/Object;Lorg/gradle/internal/service/ServiceRegistry;)Lorg/gradle/launcher/exec/BuildActionResult;+9
j  org.gradle.tooling.internal.provider.SubscribableBuildActionExecuter.execute(Lorg/gradle/internal/invocation/BuildAction;Lorg/gradle/initialization/BuildRequestContext;Lorg/gradle/launcher/exec/BuildActionParameters;Lorg/gradle/internal/service/ServiceRegistry;)Lorg/gradle/launcher/exec/BuildActionResult;+45
j  org.gradle.tooling.internal.provider.SubscribableBuildActionExecuter.execute(Lorg/gradle/internal/invocation/BuildAction;Lorg/gradle/initialization/BuildRequestContext;Ljava/lang/Object;Lorg/gradle/internal/service/ServiceRegistry;)Lorg/gradle/launcher/exec/BuildActionResult;+9
j  org.gradle.tooling.internal.provider.SessionScopeBuildActionExecuter.execute(Lorg/gradle/internal/invocation/BuildAction;Lorg/gradle/initialization/BuildRequestContext;Lorg/gradle/launcher/exec/BuildActionParameters;Lorg/gradle/internal/service/ServiceRegistry;)Lorg/gradle/launcher/exec/BuildActionResult;+117
j  org.gradle.tooling.internal.provider.SessionScopeBuildActionExecuter.execute(Lorg/gradle/internal/invocation/BuildAction;Lorg/gradle/initialization/BuildRequestContext;Ljava/lang/Object;Lorg/gradle/internal/service/ServiceRegistry;)Lorg/gradle/launcher/exec/BuildActionResult;+9
j  org.gradle.tooling.internal.provider.GradleThreadBuildActionExecuter.execute(Lorg/gradle/internal/invocation/BuildAction;Lorg/gradle/initialization/BuildRequestContext;Lorg/gradle/launcher/exec/BuildActionParameters;Lorg/gradle/internal/service/ServiceRegistry;)Lorg/gradle/launcher/exec/BuildActionResult;+12
j  org.gradle.tooling.internal.provider.GradleThreadBuildActionExecuter.execute(Lorg/gradle/internal/invocation/BuildAction;Lorg/gradle/initialization/BuildRequestContext;Ljava/lang/Object;Lorg/gradle/internal/service/ServiceRegistry;)Lorg/gradle/launcher/exec/BuildActionResult;+9
j  org.gradle.tooling.internal.provider.ParallelismConfigurationBuildActionExecuter.execute(Lorg/gradle/internal/invocation/BuildAction;Lorg/gradle/initialization/BuildRequestContext;Lorg/gradle/launcher/exec/BuildActionParameters;Lorg/gradle/internal/service/ServiceRegistry;)Lorg/gradle/launcher/exec/BuildActionResult;+43
j  org.gradle.tooling.internal.provider.ParallelismConfigurationBuildActionExecuter.execute(Lorg/gradle/internal/invocation/BuildAction;Lorg/gradle/initialization/BuildRequestContext;Ljava/lang/Object;Lorg/gradle/internal/service/ServiceRegistry;)Lorg/gradle/launcher/exec/BuildActionResult;+9
j  org.gradle.tooling.internal.provider.StartParamsValidatingActionExecuter.execute(Lorg/gradle/internal/invocation/BuildAction;Lorg/gradle/initialization/BuildRequestContext;Lorg/gradle/launcher/exec/BuildActionParameters;Lorg/gradle/internal/service/ServiceRegistry;)Lorg/gradle/launcher/exec/BuildActionResult;+177
j  org.gradle.tooling.internal.provider.StartParamsValidatingActionExecuter.execute(Lorg/gradle/internal/invocation/BuildAction;Lorg/gradle/initialization/BuildRequestContext;Ljava/lang/Object;Lorg/gradle/internal/service/ServiceRegistry;)Lorg/gradle/launcher/exec/BuildActionResult;+9
j  org.gradle.tooling.internal.provider.SessionFailureReportingActionExecuter.execute(Lorg/gradle/internal/invocation/BuildAction;Lorg/gradle/initialization/BuildRequestContext;Lorg/gradle/launcher/exec/BuildActionParameters;Lorg/gradle/internal/service/ServiceRegistry;)Lorg/gradle/launcher/exec/BuildActionResult;+9
j  org.gradle.tooling.internal.provider.SessionFailureReportingActionExecuter.execute(Lorg/gradle/internal/invocation/BuildAction;Lorg/gradle/initialization/BuildRequestContext;Ljava/lang/Object;Lorg/gradle/internal/service/ServiceRegistry;)Lorg/gradle/launcher/exec/BuildActionResult;+9
j  org.gradle.tooling.internal.provider.SetupLoggingActionExecuter.execute(Lorg/gradle/internal/invocation/BuildAction;Lorg/gradle/initialization/BuildRequestContext;Lorg/gradle/launcher/exec/BuildActionParameters;Lorg/gradle/internal/service/ServiceRegistry;)Lorg/gradle/launcher/exec/BuildActionResult;+52
j  org.gradle.tooling.internal.provider.SetupLoggingActionExecuter.execute(Lorg/gradle/internal/invocation/BuildAction;Lorg/gradle/initialization/BuildRequestContext;Ljava/lang/Object;Lorg/gradle/internal/service/ServiceRegistry;)Lorg/gradle/launcher/exec/BuildActionResult;+9
j  org.gradle.launcher.daemon.server.exec.ExecuteBuild.doBuild(Lorg/gradle/launcher/daemon/server/api/DaemonCommandExecution;Lorg/gradle/launcher/daemon/protocol/Build;)V+118
j  org.gradle.launcher.daemon.server.exec.BuildCommandOnly.execute(Lorg/gradle/launcher/daemon/server/api/DaemonCommandExecution;)V+49
j  org.gradle.launcher.daemon.server.api.DaemonCommandExecution.proceed()Z+28
j  org.gradle.launcher.daemon.server.exec.WatchForDisconnection.execute(Lorg/gradle/launcher/daemon/server/api/DaemonCommandExecution;)V+19
j  org.gradle.launcher.daemon.server.api.DaemonCommandExecution.proceed()Z+28
j  org.gradle.launcher.daemon.server.exec.ResetDeprecationLogger.execute(Lorg/gradle/launcher/daemon/server/api/DaemonCommandExecution;)V+4
j  org.gradle.launcher.daemon.server.api.DaemonCommandExecution.proceed()Z+28
j  org.gradle.launcher.daemon.server.exec.RequestStopIfSingleUsedDaemon.execute(Lorg/gradle/launcher/daemon/server/api/DaemonCommandExecution;)V+33
j  org.gradle.launcher.daemon.server.api.DaemonCommandExecution.proceed()Z+28
j  org.gradle.launcher.daemon.server.exec.ForwardClientInput$2.call()Ljava/lang/Void;+4
j  org.gradle.launcher.daemon.server.exec.ForwardClientInput$2.call()Ljava/lang/Object;+1
j  org.gradle.util.Swapper.swap(Ljava/lang/Object;Ljava/util/concurrent/Callable;)Ljava/lang/Object;+21
j  org.gradle.launcher.daemon.server.exec.ForwardClientInput.execute(Lorg/gradle/launcher/daemon/server/api/DaemonCommandExecution;)V+63
j  org.gradle.launcher.daemon.server.api.DaemonCommandExecution.proceed()Z+28
j  org.gradle.launcher.daemon.server.exec.LogAndCheckHealth.execute(Lorg/gradle/launcher/daemon/server/api/DaemonCommandExecution;)V+28
j  org.gradle.launcher.daemon.server.api.DaemonCommandExecution.proceed()Z+28
j  org.gradle.launcher.daemon.server.exec.LogToClient.doBuild(Lorg/gradle/launcher/daemon/server/api/DaemonCommandExecution;Lorg/gradle/launcher/daemon/protocol/Build;)V+87
j  org.gradle.launcher.daemon.server.exec.BuildCommandOnly.execute(Lorg/gradle/launcher/daemon/server/api/DaemonCommandExecution;)V+49
j  org.gradle.launcher.daemon.server.api.DaemonCommandExecution.proceed()Z+28
j  org.gradle.launcher.daemon.server.exec.EstablishBuildEnvironment.doBuild(Lorg/gradle/launcher/daemon/server/api/DaemonCommandExecution;Lorg/gradle/launcher/daemon/protocol/Build;)V+351
j  org.gradle.launcher.daemon.server.exec.BuildCommandOnly.execute(Lorg/gradle/launcher/daemon/server/api/DaemonCommandExecution;)V+49
j  org.gradle.launcher.daemon.server.api.DaemonCommandExecution.proceed()Z+28
j  org.gradle.launcher.daemon.server.exec.StartBuildOrRespondWithBusy$1.run()V+44
j  org.gradle.launcher.daemon.server.DaemonStateCoordinator$1.run()V+4
j  org.gradle.internal.concurrent.ExecutorPolicy$CatchAndRecordFailures.onExecute(Ljava/lang/Runnable;)V+1
j  org.gradle.internal.concurrent.ManagedExecutorImpl$1.run()V+25
j  java.util.concurrent.ThreadPoolExecutor.runWorker(Ljava/util/concurrent/ThreadPoolExecutor$Worker;)V+95
j  java.util.concurrent.ThreadPoolExecutor$Worker.run()V+5
j  org.gradle.internal.concurrent.ThreadFactoryImpl$ManagedThreadRunnable.run()V+7
j  java.lang.Thread.run()V+11
v  ~StubRoutines::call_stub

---------------  P R O C E S S  ---------------

Java Threads: ( => current thread )
  0x0000000016428800 JavaThread "Cache worker for journal cache (C:\Users\ASUS\.gradle\caches\journal-1)" [_thread_blocked, id=14132, stack(0x0000000018870000,0x0000000018970000)]
  0x000000001642a800 JavaThread "File lock request listener" [_thread_in_native, id=10704, stack(0x0000000018570000,0x0000000018670000)]
  0x0000000016734800 JavaThread "Cache worker for file hash cache (C:\Users\ASUS\.gradle\caches\5.4.1\fileHashes)" [_thread_blocked, id=13520, stack(0x0000000018470000,0x0000000018570000)]
  0x00000000156f5800 JavaThread "Thread-9" [_thread_blocked, id=11568, stack(0x0000000018370000,0x0000000018470000)]
  0x00000000156fb800 JavaThread "Stdin handler" [_thread_blocked, id=11724, stack(0x0000000018270000,0x0000000018370000)]
  0x00000000156fa000 JavaThread "Asynchronous log dispatcher for DefaultDaemonConnection: socket connection from /127.0.0.1:58951 to /127.0.0.1:58952" [_thread_blocked, id=11132, stack(0x0000000018170000,0x0000000018270000)]
=>0x00000000156f9000 JavaThread "Daemon worker" [_thread_in_vm, id=4392, stack(0x0000000018070000,0x0000000018170000)]
  0x00000000156e6000 JavaThread "Cancel handler" [_thread_blocked, id=4576, stack(0x0000000017f70000,0x0000000018070000)]
  0x000000001576e800 JavaThread "Handler for socket connection from /127.0.0.1:58951 to /127.0.0.1:58952" [_thread_in_native, id=3176, stack(0x0000000017c70000,0x0000000017d70000)]
  0x00000000157d8000 JavaThread "Daemon" [_thread_blocked, id=13384, stack(0x0000000017b70000,0x0000000017c70000)]
  0x00000000157d6000 JavaThread "Daemon periodic checks" [_thread_blocked, id=9036, stack(0x0000000017a70000,0x0000000017b70000)]
  0x0000000015706800 JavaThread "Incoming local TCP Connector on port 58951" [_thread_in_native, id=8160, stack(0x0000000017830000,0x0000000017930000)]
  0x0000000016aae000 JavaThread "Daemon health stats" [_thread_blocked, id=6440, stack(0x00000000171f0000,0x00000000172f0000)]
  0x0000000013b2d800 JavaThread "Service Thread" daemon [_thread_blocked, id=1104, stack(0x0000000015820000,0x0000000015920000)]
  0x0000000013ae4800 JavaThread "C1 CompilerThread2" daemon [_thread_blocked, id=12744, stack(0x0000000015320000,0x0000000015420000)]
  0x0000000013ad3000 JavaThread "C2 CompilerThread1" daemon [_thread_in_native, id=6028, stack(0x0000000015220000,0x0000000015320000)]
  0x0000000013acf800 JavaThread "C2 CompilerThread0" daemon [_thread_blocked, id=11520, stack(0x0000000015120000,0x0000000015220000)]
  0x0000000013ace800 JavaThread "Attach Listener" daemon [_thread_blocked, id=11220, stack(0x0000000015020000,0x0000000015120000)]
  0x0000000013acb800 JavaThread "Signal Dispatcher" daemon [_thread_blocked, id=2952, stack(0x0000000014f20000,0x0000000015020000)]
  0x000000000275d000 JavaThread "Finalizer" daemon [_thread_blocked, id=13484, stack(0x0000000014d20000,0x0000000014e20000)]
  0x0000000013ab9000 JavaThread "Reference Handler" daemon [_thread_blocked, id=7116, stack(0x0000000014c20000,0x0000000014d20000)]
  0x0000000002662800 JavaThread "main" [_thread_blocked, id=6140, stack(0x0000000002560000,0x0000000002660000)]

Other Threads:
  0x0000000013a96800 VMThread [stack: 0x0000000014b20000,0x0000000014c20000] [id=9784]
  0x0000000013b2e800 WatcherThread [stack: 0x0000000015920000,0x0000000015a20000] [id=9272]

VM state:not at safepoint (normal execution)

VM Mutex/Monitor currently owned by a thread: None

heap address: 0x00000000e0000000, size: 512 MB, Compressed Oops mode: 32-bit
Narrow klass base: 0x0000000000000000, Narrow klass shift: 3
Compressed class space size: 1073741824 Address: 0x0000000100000000

Heap:
 PSYoungGen      total 38400K, used 11198K [0x00000000f5580000, 0x00000000f8000000, 0x0000000100000000)
  eden space 33280K, 33% used [0x00000000f5580000,0x00000000f606fa80,0x00000000f7600000)
  from space 5120K, 0% used [0x00000000f7b00000,0x00000000f7b00000,0x00000000f8000000)
  to   space 5120K, 0% used [0x00000000f7600000,0x00000000f7600000,0x00000000f7b00000)
 ParOldGen       total 53248K, used 5233K [0x00000000e0000000, 0x00000000e3400000, 0x00000000f5580000)
  object space 53248K, 9% used [0x00000000e0000000,0x00000000e051c648,0x00000000e3400000)
 Metaspace       used 14598K, capacity 14996K, committed 15360K, reserved 1064960K
  class space    used 2063K, capacity 2192K, committed 2304K, reserved 1048576K

Card table byte_map: [0x0000000011b20000,0x0000000011c30000] byte_map_base: 0x0000000011420000

Marking Bits: (ParMarkBitMap*) 0x0000000071969f30
 Begin Bits: [0x0000000012030000, 0x0000000012830000)
 End Bits:   [0x0000000012830000, 0x0000000013030000)

Polling page: 0x0000000000bf0000

CodeCache: size=245760Kb used=5080Kb max_used=5080Kb free=240679Kb
 bounds [0x0000000002760000, 0x0000000002c60000, 0x0000000011760000]
 total_blobs=1852 nmethods=1470 adapters=295
 compilation: enabled

Compilation events (10 events):
Event: 2.812 Thread 0x0000000013ae4800 1469       3       org.gradle.internal.service.DefaultServiceRegistry$OwnServices::getProviders (26 bytes)
Event: 2.813 Thread 0x0000000013ae4800 nmethod 1469 0x0000000002c536d0 code [0x0000000002c53860, 0x0000000002c53c28]
Event: 2.813 Thread 0x0000000013ae4800 1470       3       java.util.ArrayList::isEmpty (13 bytes)
Event: 2.813 Thread 0x0000000013ae4800 nmethod 1470 0x0000000002c532d0 code [0x0000000002c53420, 0x0000000002c535d0]
Event: 2.813 Thread 0x0000000013ae4800 1471       1       org.gradle.internal.service.DefaultServiceRegistry::access$1600 (5 bytes)
Event: 2.813 Thread 0x0000000013ae4800 nmethod 1471 0x0000000002c57910 code [0x0000000002c57a60, 0x0000000002c57b50]
Event: 2.813 Thread 0x0000000013ae4800 1472       3       sun.reflect.ReflectionFactory::inflationThreshold (4 bytes)
Event: 2.813 Thread 0x0000000013ae4800 nmethod 1472 0x0000000002c57bd0 code [0x0000000002c57d20, 0x0000000002c57e50]
Event: 2.815 Thread 0x0000000013ae4800 1473       1       java.util.concurrent.atomic.AtomicInteger::get (5 bytes)
Event: 2.815 Thread 0x0000000013ae4800 nmethod 1473 0x0000000002c57ed0 code [0x0000000002c58020, 0x0000000002c58130]

GC Heap History (10 events):
Event: 0.988 GC heap before
{Heap before GC invocations=1 (full 0):
 PSYoungGen      total 38400K, used 33280K [0x00000000f5580000, 0x00000000f8000000, 0x0000000100000000)
  eden space 33280K, 100% used [0x00000000f5580000,0x00000000f7600000,0x00000000f7600000)
  from space 5120K, 0% used [0x00000000f7b00000,0x00000000f7b00000,0x00000000f8000000)
  to   space 5120K, 0% used [0x00000000f7600000,0x00000000f7600000,0x00000000f7b00000)
 ParOldGen       total 87552K, used 0K [0x00000000e0000000, 0x00000000e5580000, 0x00000000f5580000)
  object space 87552K, 0% used [0x00000000e0000000,0x00000000e0000000,0x00000000e5580000)
 Metaspace       used 6640K, capacity 6848K, committed 7040K, reserved 1056768K
  class space    used 811K, capacity 844K, committed 896K, reserved 1048576K
Event: 0.994 GC heap after
Heap after GC invocations=1 (full 0):
 PSYoungGen      total 38400K, used 4136K [0x00000000f5580000, 0x00000000f8000000, 0x0000000100000000)
  eden space 33280K, 0% used [0x00000000f5580000,0x00000000f5580000,0x00000000f7600000)
  from space 5120K, 80% used [0x00000000f7600000,0x00000000f7a0a118,0x00000000f7b00000)
  to   space 5120K, 0% used [0x00000000f7b00000,0x00000000f7b00000,0x00000000f8000000)
 ParOldGen       total 87552K, used 8K [0x00000000e0000000, 0x00000000e5580000, 0x00000000f5580000)
  object space 87552K, 0% used [0x00000000e0000000,0x00000000e0002000,0x00000000e5580000)
 Metaspace       used 6640K, capacity 6848K, committed 7040K, reserved 1056768K
  class space    used 811K, capacity 844K, committed 896K, reserved 1048576K
}
Event: 1.533 GC heap before
{Heap before GC invocations=2 (full 0):
 PSYoungGen      total 38400K, used 37416K [0x00000000f5580000, 0x00000000f8000000, 0x0000000100000000)
  eden space 33280K, 100% used [0x00000000f5580000,0x00000000f7600000,0x00000000f7600000)
  from space 5120K, 80% used [0x00000000f7600000,0x00000000f7a0a118,0x00000000f7b00000)
  to   space 5120K, 0% used [0x00000000f7b00000,0x00000000f7b00000,0x00000000f8000000)
 ParOldGen       total 87552K, used 8K [0x00000000e0000000, 0x00000000e5580000, 0x00000000f5580000)
  object space 87552K, 0% used [0x00000000e0000000,0x00000000e0002000,0x00000000e5580000)
 Metaspace       used 8993K, capacity 9262K, committed 9472K, reserved 1056768K
  class space    used 1174K, capacity 1261K, committed 1280K, reserved 1048576K
Event: 1.539 GC heap after
Heap after GC invocations=2 (full 0):
 PSYoungGen      total 38400K, used 4465K [0x00000000f5580000, 0x00000000f8000000, 0x0000000100000000)
  eden space 33280K, 0% used [0x00000000f5580000,0x00000000f5580000,0x00000000f7600000)
  from space 5120K, 87% used [0x00000000f7b00000,0x00000000f7f5c5d0,0x00000000f8000000)
  to   space 5120K, 0% used [0x00000000f7600000,0x00000000f7600000,0x00000000f7b00000)
 ParOldGen       total 87552K, used 16K [0x00000000e0000000, 0x00000000e5580000, 0x00000000f5580000)
  object space 87552K, 0% used [0x00000000e0000000,0x00000000e0004000,0x00000000e5580000)
 Metaspace       used 8993K, capacity 9262K, committed 9472K, reserved 1056768K
  class space    used 1174K, capacity 1261K, committed 1280K, reserved 1048576K
}
Event: 2.571 GC heap before
{Heap before GC invocations=3 (full 0):
 PSYoungGen      total 38400K, used 37745K [0x00000000f5580000, 0x00000000f8000000, 0x0000000100000000)
  eden space 33280K, 100% used [0x00000000f5580000,0x00000000f7600000,0x00000000f7600000)
  from space 5120K, 87% used [0x00000000f7b00000,0x00000000f7f5c5d0,0x00000000f8000000)
  to   space 5120K, 0% used [0x00000000f7600000,0x00000000f7600000,0x00000000f7b00000)
 ParOldGen       total 87552K, used 16K [0x00000000e0000000, 0x00000000e5580000, 0x00000000f5580000)
  object space 87552K, 0% used [0x00000000e0000000,0x00000000e0004000,0x00000000e5580000)
 Metaspace       used 13371K, capacity 13744K, committed 14080K, reserved 1060864K
  class space    used 1841K, capacity 1966K, committed 2048K, reserved 1048576K
Event: 2.578 GC heap after
Heap after GC invocations=3 (full 0):
 PSYoungGen      total 38400K, used 5094K [0x00000000f5580000, 0x00000000f8000000, 0x0000000100000000)
  eden space 33280K, 0% used [0x00000000f5580000,0x00000000f5580000,0x00000000f7600000)
  from space 5120K, 99% used [0x00000000f7600000,0x00000000f7af9bd0,0x00000000f7b00000)
  to   space 5120K, 0% used [0x00000000f7b00000,0x00000000f7b00000,0x00000000f8000000)
 ParOldGen       total 87552K, used 1899K [0x00000000e0000000, 0x00000000e5580000, 0x00000000f5580000)
  object space 87552K, 2% used [0x00000000e0000000,0x00000000e01dad90,0x00000000e5580000)
 Metaspace       used 13371K, capacity 13744K, committed 14080K, reserved 1060864K
  class space    used 1841K, capacity 1966K, committed 2048K, reserved 1048576K
}
Event: 2.673 GC heap before
{Heap before GC invocations=4 (full 0):
 PSYoungGen      total 38400K, used 13384K [0x00000000f5580000, 0x00000000f8000000, 0x0000000100000000)
  eden space 33280K, 24% used [0x00000000f5580000,0x00000000f5d98650,0x00000000f7600000)
  from space 5120K, 99% used [0x00000000f7600000,0x00000000f7af9bd0,0x00000000f7b00000)
  to   space 5120K, 0% used [0x00000000f7b00000,0x00000000f7b00000,0x00000000f8000000)
 ParOldGen       total 87552K, used 1899K [0x00000000e0000000, 0x00000000e5580000, 0x00000000f5580000)
  object space 87552K, 2% used [0x00000000e0000000,0x00000000e01dad90,0x00000000e5580000)
 Metaspace       used 14210K, capacity 14576K, committed 14720K, reserved 1067008K
  class space    used 1973K, capacity 2094K, committed 2176K, reserved 1048576K
Event: 2.679 GC heap after
Heap after GC invocations=4 (full 0):
 PSYoungGen      total 38400K, used 5103K [0x00000000f5580000, 0x00000000f8000000, 0x0000000100000000)
  eden space 33280K, 0% used [0x00000000f5580000,0x00000000f5580000,0x00000000f7600000)
  from space 5120K, 99% used [0x00000000f7b00000,0x00000000f7ffbf80,0x00000000f8000000)
  to   space 5120K, 0% used [0x00000000f7600000,0x00000000f7600000,0x00000000f7b00000)
 ParOldGen       total 87552K, used 2190K [0x00000000e0000000, 0x00000000e5580000, 0x00000000f5580000)
  object space 87552K, 2% used [0x00000000e0000000,0x00000000e0223b28,0x00000000e5580000)
 Metaspace       used 14210K, capacity 14576K, committed 14720K, reserved 1067008K
  class space    used 1973K, capacity 2094K, committed 2176K, reserved 1048576K
}
Event: 2.679 GC heap before
{Heap before GC invocations=5 (full 1):
 PSYoungGen      total 38400K, used 5103K [0x00000000f5580000, 0x00000000f8000000, 0x0000000100000000)
  eden space 33280K, 0% used [0x00000000f5580000,0x00000000f5580000,0x00000000f7600000)
  from space 5120K, 99% used [0x00000000f7b00000,0x00000000f7ffbf80,0x00000000f8000000)
  to   space 5120K, 0% used [0x00000000f7600000,0x00000000f7600000,0x00000000f7b00000)
 ParOldGen       total 87552K, used 2190K [0x00000000e0000000, 0x00000000e5580000, 0x00000000f5580000)
  object space 87552K, 2% used [0x00000000e0000000,0x00000000e0223b28,0x00000000e5580000)
 Metaspace       used 14210K, capacity 14576K, committed 14720K, reserved 1067008K
  class space    used 1973K, capacity 2094K, committed 2176K, reserved 1048576K
Event: 2.710 GC heap after
Heap after GC invocations=5 (full 1):
 PSYoungGen      total 38400K, used 0K [0x00000000f5580000, 0x00000000f8000000, 0x0000000100000000)
  eden space 33280K, 0% used [0x00000000f5580000,0x00000000f5580000,0x00000000f7600000)
  from space 5120K, 0% used [0x00000000f7b00000,0x00000000f7b00000,0x00000000f8000000)
  to   space 5120K, 0% used [0x00000000f7600000,0x00000000f7600000,0x00000000f7b00000)
 ParOldGen       total 53248K, used 5233K [0x00000000e0000000, 0x00000000e3400000, 0x00000000f5580000)
  object space 53248K, 9% used [0x00000000e0000000,0x00000000e051c648,0x00000000e3400000)
 Metaspace       used 14210K, capacity 14576K, committed 14720K, reserved 1064960K
  class space    used 1973K, capacity 2094K, committed 2176K, reserved 1048576K
}

Deoptimization events (10 events):
Event: 2.386 Thread 0x00000000156f9000 Uncommon trap: reason=bimorphic action=maybe_recompile pc=0x00000000029f7e64 method=java.util.HashMap.putVal(ILjava/lang/Object;Ljava/lang/Object;ZZ)Ljava/lang/Object; @ 253
Event: 2.386 Thread 0x00000000156f9000 Uncommon trap: reason=class_check action=maybe_recompile pc=0x00000000029f8378 method=java.util.HashMap.putVal(ILjava/lang/Object;Ljava/lang/Object;ZZ)Ljava/lang/Object; @ 203
Event: 2.386 Thread 0x00000000156f9000 Uncommon trap: reason=class_check action=maybe_recompile pc=0x00000000029f8378 method=java.util.HashMap.putVal(ILjava/lang/Object;Ljava/lang/Object;ZZ)Ljava/lang/Object; @ 203
Event: 2.386 Thread 0x00000000156f9000 Uncommon trap: reason=bimorphic action=maybe_recompile pc=0x00000000029f7e64 method=java.util.HashMap.putVal(ILjava/lang/Object;Ljava/lang/Object;ZZ)Ljava/lang/Object; @ 253
Event: 2.386 Thread 0x00000000156f9000 Uncommon trap: reason=bimorphic action=maybe_recompile pc=0x00000000029f7e64 method=java.util.HashMap.putVal(ILjava/lang/Object;Ljava/lang/Object;ZZ)Ljava/lang/Object; @ 253
Event: 2.386 Thread 0x00000000156f9000 Uncommon trap: reason=bimorphic action=maybe_recompile pc=0x00000000029efdf0 method=java.util.HashMap.putVal(ILjava/lang/Object;Ljava/lang/Object;ZZ)Ljava/lang/Object; @ 253
Event: 2.579 Thread 0x00000000156f9000 Uncommon trap: reason=class_check action=maybe_recompile pc=0x0000000002a38c58 method=java.util.regex.Matcher.match(II)Z @ 86
Event: 2.594 Thread 0x00000000156f9000 Uncommon trap: reason=class_check action=maybe_recompile pc=0x0000000002a38c58 method=java.util.regex.Matcher.match(II)Z @ 86
Event: 2.594 Thread 0x00000000156f9000 Uncommon trap: reason=class_check action=maybe_recompile pc=0x0000000002a38c58 method=java.util.regex.Matcher.match(II)Z @ 86
Event: 2.595 Thread 0x00000000156f9000 Uncommon trap: reason=class_check action=maybe_recompile pc=0x00000000029f495c method=java.util.regex.Matcher.match(II)Z @ 86

Classes redefined (0 events):
No events

Internal exceptions (10 events):
Event: 2.294 Thread 0x000000001576e800 Exception <a 'java/lang/NoSuchMethodError': <clinit>> (0x00000000f5fefbe8) thrown at [D:\src\AOSP-openjdk-cygwin\jdk8u\hotspot\src\share\vm\prims\jni.cpp, line 1614]
Event: 2.298 Thread 0x000000001576e800 Exception <a 'java/lang/NoSuchMethodError': <clinit>> (0x00000000f6002dd0) thrown at [D:\src\AOSP-openjdk-cygwin\jdk8u\hotspot\src\share\vm\prims\jni.cpp, line 1614]
Event: 2.302 Thread 0x000000001576e800 Exception <a 'java/lang/NoSuchMethodError': <clinit>> (0x00000000f602a178) thrown at [D:\src\AOSP-openjdk-cygwin\jdk8u\hotspot\src\share\vm\prims\jni.cpp, line 1614]
Event: 2.305 Thread 0x000000001576e800 Exception <a 'java/lang/NoSuchMethodError': <clinit>> (0x00000000f60421a8) thrown at [D:\src\AOSP-openjdk-cygwin\jdk8u\hotspot\src\share\vm\prims\jni.cpp, line 1614]
Event: 2.305 Thread 0x000000001576e800 Exception <a 'java/lang/NoSuchMethodError': <clinit>> (0x00000000f604ae38) thrown at [D:\src\AOSP-openjdk-cygwin\jdk8u\hotspot\src\share\vm\prims\jni.cpp, line 1614]
Event: 2.308 Thread 0x000000001576e800 Exception <a 'java/lang/NoSuchMethodError': <clinit>> (0x00000000f6061448) thrown at [D:\src\AOSP-openjdk-cygwin\jdk8u\hotspot\src\share\vm\prims\jni.cpp, line 1614]
Event: 2.320 Thread 0x000000001576e800 Exception <a 'java/lang/NoSuchMethodError': <clinit>> (0x00000000f60bebf0) thrown at [D:\src\AOSP-openjdk-cygwin\jdk8u\hotspot\src\share\vm\prims\jni.cpp, line 1614]
Event: 2.332 Thread 0x000000001576e800 Exception <a 'java/lang/NoSuchMethodError': <clinit>> (0x00000000f60eb920) thrown at [D:\src\AOSP-openjdk-cygwin\jdk8u\hotspot\src\share\vm\prims\jni.cpp, line 1614]
Event: 2.349 Thread 0x000000001576e800 Exception <a 'java/lang/NoSuchMethodError': <clinit>> (0x00000000f61199d0) thrown at [D:\src\AOSP-openjdk-cygwin\jdk8u\hotspot\src\share\vm\prims\jni.cpp, line 1614]
Event: 2.350 Thread 0x000000001576e800 Exception <a 'java/lang/NoSuchMethodError': <clinit>> (0x00000000f6124dd8) thrown at [D:\src\AOSP-openjdk-cygwin\jdk8u\hotspot\src\share\vm\prims\jni.cpp, line 1614]

Events (10 events):
Event: 2.813 loading class org/gradle/internal/resource/transport/http/DefaultSslContextFactory
Event: 2.813 loading class org/gradle/internal/resource/transport/http/DefaultSslContextFactory done
Event: 2.814 loading class org/gradle/internal/resource/transport/http/DefaultSslContextFactory$SynchronizedSystemPropertiesCacheLoader
Event: 2.814 loading class org/gradle/internal/resource/transport/http/DefaultSslContextFactory$SynchronizedSystemPropertiesCacheLoader done
Event: 2.815 loading class com/google/common/cache/CacheLoader$FunctionToCacheLoader
Event: 2.815 loading class com/google/common/cache/CacheLoader$FunctionToCacheLoader done
Event: 2.815 loading class com/google/common/cache/CacheLoader$SupplierToCacheLoader
Event: 2.815 loading class com/google/common/cache/CacheLoader$SupplierToCacheLoader done
Event: 2.815 loading class com/google/common/cache/CacheLoader$1
Event: 2.815 loading class com/google/common/cache/CacheLoader$1 done


Dynamic libraries:
0x00007ff7513e0000 - 0x00007ff751411000 	C:\Program Files\Android\Android Studio1\jre\bin\java.exe
0x00007ff868d40000 - 0x00007ff868f30000 	C:\WINDOWS\SYSTEM32\ntdll.dll
0x00007ff868350000 - 0x00007ff868402000 	C:\WINDOWS\System32\KERNEL32.DLL
0x00007ff866830000 - 0x00007ff866ad3000 	C:\WINDOWS\System32\KERNELBASE.dll
0x00007ff867990000 - 0x00007ff867a33000 	C:\WINDOWS\System32\ADVAPI32.dll
0x00007ff8673c0000 - 0x00007ff86745e000 	C:\WINDOWS\System32\msvcrt.dll
0x00007ff866e20000 - 0x00007ff866eb7000 	C:\WINDOWS\System32\sechost.dll
0x00007ff868b10000 - 0x00007ff868c30000 	C:\WINDOWS\System32\RPCRT4.dll
0x00007ff868630000 - 0x00007ff8687c4000 	C:\WINDOWS\System32\USER32.dll
0x00007ff866d70000 - 0x00007ff866d91000 	C:\WINDOWS\System32\win32u.dll
0x00007ff867ba0000 - 0x00007ff867bc6000 	C:\WINDOWS\System32\GDI32.dll
0x00007ff866690000 - 0x00007ff866824000 	C:\WINDOWS\System32\gdi32full.dll
0x00007ff8665d0000 - 0x00007ff86666e000 	C:\WINDOWS\System32\msvcp_win.dll
0x00007ff866bc0000 - 0x00007ff866cba000 	C:\WINDOWS\System32\ucrtbase.dll
0x00007ff8650f0000 - 0x00007ff865375000 	C:\WINDOWS\WinSxS\amd64_microsoft.windows.common-controls_6595b64144ccf1df_6.0.18362.535_none_e6c3b34713100821\COMCTL32.dll
0x00007ff8687d0000 - 0x00007ff868b06000 	C:\WINDOWS\System32\combase.dll
0x00007ff866b40000 - 0x00007ff866bc0000 	C:\WINDOWS\System32\bcryptPrimitives.dll
0x00007ff866df0000 - 0x00007ff866e1e000 	C:\WINDOWS\System32\IMM32.DLL
0x00000000710c0000 - 0x0000000071192000 	C:\Program Files\Android\Android Studio1\jre\jre\bin\msvcr100.dll
0x00000000711a0000 - 0x00000000719e6000 	C:\Program Files\Android\Android Studio1\jre\jre\bin\server\jvm.dll
0x00007ff8682c0000 - 0x00007ff8682c8000 	C:\WINDOWS\System32\PSAPI.DLL
0x00007ff852370000 - 0x00007ff852379000 	C:\WINDOWS\SYSTEM32\WSOCK32.dll
0x00007ff868480000 - 0x00007ff8684ef000 	C:\WINDOWS\System32\WS2_32.dll
0x00007ff860970000 - 0x00007ff860994000 	C:\WINDOWS\SYSTEM32\WINMM.dll
0x00007ff857b90000 - 0x00007ff857b9a000 	C:\WINDOWS\SYSTEM32\VERSION.dll
0x00007ff860940000 - 0x00007ff86096d000 	C:\WINDOWS\SYSTEM32\WINMMBASE.dll
0x00007ff866da0000 - 0x00007ff866dea000 	C:\WINDOWS\System32\cfgmgr32.dll
0x00007ff84f430000 - 0x00007ff84f43f000 	C:\Program Files\Android\Android Studio1\jre\jre\bin\verify.dll
0x00007ff840300000 - 0x00007ff840329000 	C:\Program Files\Android\Android Studio1\jre\jre\bin\java.dll
0x00007ff8402e0000 - 0x00007ff8402f6000 	C:\Program Files\Android\Android Studio1\jre\jre\bin\zip.dll
0x00007ff867bd0000 - 0x00007ff8682b5000 	C:\WINDOWS\System32\SHELL32.dll
0x00007ff866f90000 - 0x00007ff867039000 	C:\WINDOWS\System32\shcore.dll
0x00007ff865e20000 - 0x00007ff86659f000 	C:\WINDOWS\System32\windows.storage.dll
0x00007ff865c40000 - 0x00007ff865c5f000 	C:\WINDOWS\System32\profapi.dll
0x00007ff865c80000 - 0x00007ff865cca000 	C:\WINDOWS\System32\powrprof.dll
0x00007ff865c10000 - 0x00007ff865c20000 	C:\WINDOWS\System32\UMPDC.dll
0x00007ff867930000 - 0x00007ff867982000 	C:\WINDOWS\System32\shlwapi.dll
0x00007ff865c20000 - 0x00007ff865c31000 	C:\WINDOWS\System32\kernel.appcore.dll
0x00007ff866670000 - 0x00007ff866687000 	C:\WINDOWS\System32\cryptsp.dll
0x00007ff834e00000 - 0x00007ff834e1a000 	C:\Program Files\Android\Android Studio1\jre\jre\bin\net.dll
0x00007ff864e00000 - 0x00007ff864e67000 	C:\WINDOWS\system32\mswsock.dll
0x00007ff834de0000 - 0x00007ff834df1000 	C:\Program Files\Android\Android Studio1\jre\jre\bin\nio.dll
0x00007ff8601c0000 - 0x00007ff8601e6000 	C:\Users\ASUS\.gradle\native\29\windows-amd64\native-platform.dll
0x00007ff844270000 - 0x00007ff84427d000 	C:\Program Files\Android\Android Studio1\jre\jre\bin\management.dll
0x00007ff864970000 - 0x00007ff8649a3000 	C:\WINDOWS\system32\rsaenh.dll
0x00007ff8665a0000 - 0x00007ff8665c6000 	C:\WINDOWS\System32\bcrypt.dll
0x00007ff865b30000 - 0x00007ff865b55000 	C:\WINDOWS\SYSTEM32\USERENV.dll
0x00007ff864fd0000 - 0x00007ff864fdc000 	C:\WINDOWS\SYSTEM32\CRYPTBASE.dll
0x00007ff864b10000 - 0x00007ff864b4a000 	C:\WINDOWS\SYSTEM32\IPHLPAPI.DLL
0x00007ff867040000 - 0x00007ff867048000 	C:\WINDOWS\System32\NSI.dll
0x00007ff85ab00000 - 0x00007ff85ab16000 	C:\WINDOWS\SYSTEM32\dhcpcsvc6.DLL
0x00007ff85c5a0000 - 0x00007ff85c5bc000 	C:\WINDOWS\SYSTEM32\dhcpcsvc.DLL
0x00007ff864b60000 - 0x00007ff864c2a000 	C:\WINDOWS\SYSTEM32\DNSAPI.dll

VM Arguments:
jvm_args: -Xmx2048M -Dfile.encoding=windows-1252 -Duser.country=US -Duser.language=en -Duser.variant -Xmx512M 
java_command: org.gradle.launcher.daemon.bootstrap.GradleDaemon 5.4.1
java_class_path (initial): C:\Users\ASUS\.gradle\wrapper\dists\gradle-5.4.1-all\3221gyojl5jsh0helicew7rwx\gradle-5.4.1\lib\gradle-launcher-5.4.1.jar
Launcher Type: SUN_STANDARD

Environment Variables:
JAVA_HOME=D:\Kuliah Citra\SMT 5\DW\TOS_DI-20190620_1446-V7.2.1\jdk1.8.0_161\jre\bin\javaw.exe
_JAVA_OPTIONS=-Xmx512M
PATH=C:\WINDOWS\System32;C:\Users\ASUS\AppData\Local\Microsoft\WindowsApps;;C:\Users\ASUS\AppData\Local\Programs\Microsoft VS Code\bin;C:\Users\ASUS\AppData\Roaming\Composer\vendor\bin
USERNAME=ASUS
OS=Windows_NT
PROCESSOR_IDENTIFIER=Intel64 Family 6 Model 142 Stepping 9, GenuineIntel



---------------  S Y S T E M  ---------------

OS: Windows 10.0 , 64 bit Build 18362 (10.0.18362.329)

CPU:total 4 (initial active 4) (2 cores per cpu, 2 threads per core) family 6 model 142 stepping 9, cmov, cx8, fxsr, mmx, sse, sse2, sse3, ssse3, sse4.1, sse4.2, popcnt, avx, avx2, aes, clmul, erms, 3dnowpref, lzcnt, ht, tsc, tscinvbit, bmi1, bmi2, adx

Memory: 4k page, physical 8266120k(1189360k free), swap 33431944k(5344k free)

vm_info: OpenJDK 64-Bit Server VM (25.202-b03) for windows-amd64 JRE (1.8.0_202-release-1483-b03), built by "builder" with MS VC++ 10.0 (VS2010)

time: Mon Dec 16 23:50:33 2019
timezone: Malay Peninsula Standard Time
elapsed time: 2 seconds (0d 0h 0m 2s)

