#
# There is insufficient memory for the Java Runtime Environment to continue.
# Native memory allocation (malloc) failed to allocate 131088 bytes for Chunk::new
# Possible reasons:
#   The system is out of physical RAM or swap space
#   The process is running with CompressedOops enabled, and the Java Heap may be blocking the growth of the native heap
# Possible solutions:
#   Reduce memory load on the system
#   Increase physical memory or swap space
#   Check if swap backing store is full
#   Decrease Java heap size (-Xmx/-Xms)
#   Decrease number of Java threads
#   Decrease Java thread stack sizes (-Xss)
#   Set larger code cache with -XX:ReservedCodeCacheSize=
#   JVM is running with Unscaled Compressed Oops mode in which the Java heap is
#     placed in the first 4GB address space. The Java Heap base address is the
#     maximum limit for the native heap growth. Please use -XX:HeapBaseMinAddress
#     to set the Java Heap base and to place the Java Heap above 4GB virtual address.
# This output file may be truncated or incomplete.
#
#  Out of Memory Error (allocation.cpp:389), pid=11108, tid=0x00000000000018b0
#
# JRE version: OpenJDK Runtime Environment (8.0_202-b03) (build 1.8.0_202-release-1483-b03)
# Java VM: OpenJDK 64-Bit Server VM (25.202-b03 mixed mode windows-amd64 compressed oops)
# Failed to write core dump. Minidumps are not enabled by default on client versions of Windows
#

---------------  T H R E A D  ---------------

Current thread (0x00000000139bf800):  JavaThread "C2 CompilerThread0" daemon [_thread_in_native, id=6320, stack(0x0000000015010000,0x0000000015110000)]

Stack: [0x0000000015010000,0x0000000015110000]
[error occurred during error reporting (printing stack bounds), id 0xc0000005]

Native frames: (J=compiled Java code, j=interpreted, Vv=VM code, C=native code)


Current CompileTask:
C2:  21141 5707 %     4       org.gradle.internal.instantiation.AbstractClassGenerator::inspectType @ 107 (559 bytes)


---------------  P R O C E S S  ---------------

Java Threads: ( => current thread )
  0x0000000018e10800 JavaThread "Execution worker for ':' Thread 3" [_thread_in_Java, id=6200, stack(0x000000001ffa0000,0x00000000200a0000)]
  0x0000000018e12800 JavaThread "Execution worker for ':' Thread 2" [_thread_in_vm, id=4436, stack(0x000000001ee10000,0x000000001ef10000)]
  0x0000000018e0f800 JavaThread "Execution worker for ':'" [_thread_blocked, id=13988, stack(0x000000001ed10000,0x000000001ee10000)]
  0x0000000018e14000 JavaThread "Cache worker for file content cache (C:\Users\ASUS\Downloads\KuisPilihanGanda1\.gradle\5.4.1\fileContent)" [_thread_blocked, id=8312, stack(0x000000001e610000,0x000000001e710000)]
  0x0000000018e0c800 JavaThread "Cache worker for file content cache (C:\Users\ASUS\.gradle\caches\5.4.1\fileContent)" [_thread_blocked, id=10492, stack(0x000000001e510000,0x000000001e610000)]
  0x0000000018e11000 JavaThread "Memory manager" [_thread_blocked, id=3192, stack(0x000000001e410000,0x000000001e510000)]
  0x0000000018e07800 JavaThread "Cache worker for Build Output Cleanup Cache (C:\Users\ASUS\Downloads\KuisPilihanGanda1\.gradle\buildOutputCleanup)" [_thread_blocked, id=6968, stack(0x000000001d910000,0x000000001da10000)]
  0x0000000018e0c000 JavaThread "pool-1-thread-1" [_thread_blocked, id=13968, stack(0x000000001d610000,0x000000001d710000)]
  0x0000000018e09800 JavaThread "Build operations Thread 4" [_thread_blocked, id=13528, stack(0x000000001d110000,0x000000001d210000)]
  0x0000000018e0e000 JavaThread "Build operations Thread 3" [_thread_blocked, id=2924, stack(0x000000001d010000,0x000000001d110000)]
  0x0000000018e09000 JavaThread "Build operations Thread 2" [_thread_blocked, id=4840, stack(0x000000001cf10000,0x000000001d010000)]
  0x0000000018e08000 JavaThread "Build operations" [_thread_blocked, id=12324, stack(0x000000001ce10000,0x000000001cf10000)]
  0x0000000018e0a800 JavaThread "Cache worker for execution history cache (C:\Users\ASUS\.gradle\caches\5.4.1\executionHistory)" [_thread_in_native, id=4724, stack(0x000000001cb10000,0x000000001cc10000)]
  0x00000000164e9800 JavaThread "Cache worker for cache directory md-rule (C:\Users\ASUS\.gradle\caches\5.4.1\md-rule)" [_thread_blocked, id=13436, stack(0x000000001bf20000,0x000000001c020000)]
  0x00000000164e8000 JavaThread "Cache worker for cache directory md-supplier (C:\Users\ASUS\.gradle\caches\5.4.1\md-supplier)" [_thread_blocked, id=3172, stack(0x000000001ab80000,0x000000001ac80000)]
  0x00000000164e9000 JavaThread "Cache worker for file hash cache (C:\Users\ASUS\Downloads\KuisPilihanGanda1\.gradle\5.4.1\fileHashes)" [_thread_blocked, id=1552, stack(0x0000000019a30000,0x0000000019b30000)]
  0x00000000164ea800 JavaThread "Cache worker for journal cache (C:\Users\ASUS\.gradle\caches\journal-1)" [_thread_blocked, id=11672, stack(0x0000000018560000,0x0000000018660000)]
  0x00000000164e6800 JavaThread "File lock request listener" [_thread_in_native, id=6104, stack(0x0000000018460000,0x0000000018560000)]
  0x0000000016b83000 JavaThread "Cache worker for file hash cache (C:\Users\ASUS\.gradle\caches\5.4.1\fileHashes)" [_thread_blocked, id=6208, stack(0x0000000018360000,0x0000000018460000)]
  0x00000000156cf800 JavaThread "Thread-9" [_thread_blocked, id=9124, stack(0x0000000018260000,0x0000000018360000)]
  0x00000000156cf000 JavaThread "Stdin handler" [_thread_blocked, id=4124, stack(0x0000000018160000,0x0000000018260000)]
  0x00000000156ce000 JavaThread "Asynchronous log dispatcher for DefaultDaemonConnection: socket connection from /127.0.0.1:58480 to /127.0.0.1:58481" [_thread_blocked, id=1864, stack(0x0000000018060000,0x0000000018160000)]
  0x0000000016a6c000 JavaThread "Daemon worker" [_thread_blocked, id=3396, stack(0x0000000017f60000,0x0000000018060000)]
  0x0000000016a6b000 JavaThread "Cancel handler" [_thread_blocked, id=1572, stack(0x0000000017e60000,0x0000000017f60000)]
  0x0000000016034000 JavaThread "Handler for socket connection from /127.0.0.1:58480 to /127.0.0.1:58481" [_thread_in_native, id=3732, stack(0x0000000017b60000,0x0000000017c60000)]
  0x00000000168df800 JavaThread "Daemon" [_thread_blocked, id=13568, stack(0x0000000017a60000,0x0000000017b60000)]
  0x0000000015b53800 JavaThread "Daemon periodic checks" [_thread_blocked, id=11476, stack(0x0000000017960000,0x0000000017a60000)]
  0x0000000015af1000 JavaThread "Incoming local TCP Connector on port 58480" [_thread_in_native, id=9880, stack(0x0000000017720000,0x0000000017820000)]
  0x000000001691d000 JavaThread "Daemon health stats" [_thread_blocked, id=1792, stack(0x00000000170e0000,0x00000000171e0000)]
  0x0000000015333000 JavaThread "Service Thread" daemon [_thread_blocked, id=6008, stack(0x0000000015710000,0x0000000015810000)]
  0x0000000013a16000 JavaThread "C1 CompilerThread2" daemon [_thread_in_native, id=7136, stack(0x0000000015210000,0x0000000015310000)]
  0x00000000139c3000 JavaThread "C2 CompilerThread1" daemon [_thread_in_native, id=11840, stack(0x0000000015110000,0x0000000015210000)]
=>0x00000000139bf800 JavaThread "C2 CompilerThread0" daemon [_thread_in_native, id=6320, stack(0x0000000015010000,0x0000000015110000)]
  0x00000000139be800 JavaThread "Attach Listener" daemon [_thread_blocked, id=6356, stack(0x0000000014f10000,0x0000000015010000)]
  0x00000000139bd800 JavaThread "Signal Dispatcher" daemon [_thread_blocked, id=6552, stack(0x0000000014e10000,0x0000000014f10000)]
  0x0000000002648800 JavaThread "Finalizer" daemon [_thread_blocked, id=2296, stack(0x0000000014c10000,0x0000000014d10000)]
  0x00000000139a9000 JavaThread "Reference Handler" daemon [_thread_blocked, id=7632, stack(0x0000000014b10000,0x0000000014c10000)]
  0x0000000002552800 JavaThread "main" [_thread_blocked, id=3312, stack(0x0000000002360000,0x0000000002460000)]

Other Threads:
  0x0000000013987000 VMThread [stack: 0x0000000014a10000,0x0000000014b10000] [id=10008]
  0x0000000015334000 WatcherThread [stack: 0x0000000015810000,0x0000000015910000] [id=4712]

VM state:not at safepoint (normal execution)

VM Mutex/Monitor currently owned by a thread: None

heap address: 0x00000000e0000000, size: 512 MB, Compressed Oops mode: 32-bit
Narrow klass base: 0x0000000000000000, Narrow klass shift: 3
Compressed class space size: 1073741824 Address: 0x0000000100000000

Heap:
 PSYoungGen      total 146432K, used 21446K [0x00000000f5580000, 0x0000000100000000, 0x0000000100000000)
  eden space 132608K, 16% used [0x00000000f5580000,0x00000000f6a71bd8,0x00000000fd700000)
  from space 13824K, 0% used [0x00000000ff280000,0x00000000ff280000,0x0000000100000000)
  to   space 20992K, 0% used [0x00000000fd700000,0x00000000fd700000,0x00000000feb80000)
 ParOldGen       total 89088K, used 34952K [0x00000000e0000000, 0x00000000e5700000, 0x00000000f5580000)
  object space 89088K, 39% used [0x00000000e0000000,0x00000000e22221a8,0x00000000e5700000)
 Metaspace       used 58606K, capacity 60458K, committed 60696K, reserved 1101824K
  class space    used 8003K, capacity 8440K, committed 8488K, reserved 1048576K

Card table byte_map: [0x0000000011a10000,0x0000000011b20000] byte_map_base: 0x0000000011310000

Marking Bits: (ParMarkBitMap*) 0x0000000071969f30
 Begin Bits: [0x0000000011f20000, 0x0000000012720000)
 End Bits:   [0x0000000012720000, 0x0000000012f20000)

Polling page: 0x0000000000a80000

CodeCache: size=245760Kb used=17997Kb max_used=17997Kb free=227762Kb
 bounds [0x0000000002650000, 0x0000000003800000, 0x0000000011650000]
 total_blobs=6358 nmethods=5573 adapters=698
 compilation: enabled

Compilation events (10 events):
Event: 21.129 Thread 0x0000000013a16000 6008       1       org.gradle.internal.logging.events.ProgressCompleteEvent::getProgressOperationId (5 bytes)
Event: 21.129 Thread 0x0000000013a16000 nmethod 6008 0x00000000037e9710 code [0x00000000037e9860, 0x00000000037e9970]
Event: 21.133 Thread 0x0000000013a16000 6009       3       sun.security.provider.MD5::clone (32 bytes)
Event: 21.134 Thread 0x0000000013a16000 nmethod 6009 0x00000000037efb90 code [0x00000000037efd80, 0x00000000037f07d8]
Event: 21.136 Thread 0x0000000013a16000 6010       3       org.gradle.internal.hash.Hashing$MessageDigestHashFunction::newPrimitiveHasher (14 bytes)
Event: 21.137 Thread 0x0000000013a16000 nmethod 6010 0x00000000037f0b50 code [0x00000000037f0d00, 0x00000000037f1348]
Event: 21.137 Thread 0x0000000013a16000 6011   !   3       org.gradle.internal.hash.Hashing$CloningMessageDigestHashFunction::createDigest (21 bytes)
Event: 21.137 Thread 0x0000000013a16000 nmethod 6011 0x00000000037f1610 code [0x00000000037f17a0, 0x00000000037f1b78]
Event: 21.137 Thread 0x0000000013a16000 6012       3       org.gradle.internal.hash.Hashing$MessageDigestHasher::hash (18 bytes)
Event: 21.138 Thread 0x0000000013a16000 nmethod 6012 0x00000000037f1d10 code [0x00000000037f1ea0, 0x00000000037f2328]

GC Heap History (10 events):
Event: 11.237 GC heap before
{Heap before GC invocations=9 (full 1):
 PSYoungGen      total 141312K, used 23406K [0x00000000f5580000, 0x0000000100000000, 0x0000000100000000)
  eden space 129536K, 8% used [0x00000000f5580000,0x00000000f60dcd98,0x00000000fd400000)
  from space 11776K, 99% used [0x00000000fd400000,0x00000000fdf7eac0,0x00000000fdf80000)
  to   space 13824K, 0% used [0x00000000ff280000,0x00000000ff280000,0x0000000100000000)
 ParOldGen       total 64000K, used 11753K [0x00000000e0000000, 0x00000000e3e80000, 0x00000000f5580000)
  object space 64000K, 18% used [0x00000000e0000000,0x00000000e0b7a578,0x00000000e3e80000)
 Metaspace       used 34698K, capacity 35444K, committed 35496K, reserved 1079296K
  class space    used 4784K, capacity 4999K, committed 5032K, reserved 1048576K
Event: 11.267 GC heap after
Heap after GC invocations=9 (full 1):
 PSYoungGen      total 160768K, used 9010K [0x00000000f5580000, 0x0000000100000000, 0x0000000100000000)
  eden space 146944K, 0% used [0x00000000f5580000,0x00000000f5580000,0x00000000fe500000)
  from space 13824K, 65% used [0x00000000ff280000,0x00000000ffb4ca80,0x0000000100000000)
  to   space 13824K, 0% used [0x00000000fe500000,0x00000000fe500000,0x00000000ff280000)
 ParOldGen       total 64000K, used 11761K [0x00000000e0000000, 0x00000000e3e80000, 0x00000000f5580000)
  object space 64000K, 18% used [0x00000000e0000000,0x00000000e0b7c578,0x00000000e3e80000)
 Metaspace       used 34698K, capacity 35444K, committed 35496K, reserved 1079296K
  class space    used 4784K, capacity 4999K, committed 5032K, reserved 1048576K
}
Event: 11.267 GC heap before
{Heap before GC invocations=10 (full 2):
 PSYoungGen      total 160768K, used 9010K [0x00000000f5580000, 0x0000000100000000, 0x0000000100000000)
  eden space 146944K, 0% used [0x00000000f5580000,0x00000000f5580000,0x00000000fe500000)
  from space 13824K, 65% used [0x00000000ff280000,0x00000000ffb4ca80,0x0000000100000000)
  to   space 13824K, 0% used [0x00000000fe500000,0x00000000fe500000,0x00000000ff280000)
 ParOldGen       total 64000K, used 11761K [0x00000000e0000000, 0x00000000e3e80000, 0x00000000f5580000)
  object space 64000K, 18% used [0x00000000e0000000,0x00000000e0b7c578,0x00000000e3e80000)
 Metaspace       used 34698K, capacity 35444K, committed 35496K, reserved 1079296K
  class space    used 4784K, capacity 4999K, committed 5032K, reserved 1048576K
Event: 11.491 GC heap after
Heap after GC invocations=10 (full 2):
 PSYoungGen      total 160768K, used 0K [0x00000000f5580000, 0x0000000100000000, 0x0000000100000000)
  eden space 146944K, 0% used [0x00000000f5580000,0x00000000f5580000,0x00000000fe500000)
  from space 13824K, 0% used [0x00000000ff280000,0x00000000ff280000,0x0000000100000000)
  to   space 13824K, 0% used [0x00000000fe500000,0x00000000fe500000,0x00000000ff280000)
 ParOldGen       total 89088K, used 16003K [0x00000000e0000000, 0x00000000e5700000, 0x00000000f5580000)
  object space 89088K, 17% used [0x00000000e0000000,0x00000000e0fa0e80,0x00000000e5700000)
 Metaspace       used 34682K, capacity 35390K, committed 35496K, reserved 1079296K
  class space    used 4779K, capacity 4990K, committed 5032K, reserved 1048576K
}
Event: 15.395 GC heap before
{Heap before GC invocations=11 (full 2):
 PSYoungGen      total 160768K, used 146944K [0x00000000f5580000, 0x0000000100000000, 0x0000000100000000)
  eden space 146944K, 100% used [0x00000000f5580000,0x00000000fe500000,0x00000000fe500000)
  from space 13824K, 0% used [0x00000000ff280000,0x00000000ff280000,0x0000000100000000)
  to   space 13824K, 0% used [0x00000000fe500000,0x00000000fe500000,0x00000000ff280000)
 ParOldGen       total 89088K, used 16003K [0x00000000e0000000, 0x00000000e5700000, 0x00000000f5580000)
  object space 89088K, 17% used [0x00000000e0000000,0x00000000e0fa0e80,0x00000000e5700000)
 Metaspace       used 49032K, capacity 50238K, committed 50472K, reserved 1093632K
  class space    used 6616K, capacity 6940K, committed 6952K, reserved 1048576K
Event: 15.434 GC heap after
Heap after GC invocations=11 (full 2):
 PSYoungGen      total 160768K, used 13805K [0x00000000f5580000, 0x0000000100000000, 0x0000000100000000)
  eden space 146944K, 0% used [0x00000000f5580000,0x00000000f5580000,0x00000000fe500000)
  from space 13824K, 99% used [0x00000000fe500000,0x00000000ff27b478,0x00000000ff280000)
  to   space 13824K, 0% used [0x00000000ff280000,0x00000000ff280000,0x0000000100000000)
 ParOldGen       total 89088K, used 20903K [0x00000000e0000000, 0x00000000e5700000, 0x00000000f5580000)
  object space 89088K, 23% used [0x00000000e0000000,0x00000000e1469f48,0x00000000e5700000)
 Metaspace       used 49032K, capacity 50238K, committed 50472K, reserved 1093632K
  class space    used 6616K, capacity 6940K, committed 6952K, reserved 1048576K
}
Event: 19.814 GC heap before
{Heap before GC invocations=12 (full 2):
 PSYoungGen      total 160768K, used 123405K [0x00000000f5580000, 0x0000000100000000, 0x0000000100000000)
  eden space 146944K, 74% used [0x00000000f5580000,0x00000000fc0880b0,0x00000000fe500000)
  from space 13824K, 99% used [0x00000000fe500000,0x00000000ff27b478,0x00000000ff280000)
  to   space 13824K, 0% used [0x00000000ff280000,0x00000000ff280000,0x0000000100000000)
 ParOldGen       total 89088K, used 20903K [0x00000000e0000000, 0x00000000e5700000, 0x00000000f5580000)
  object space 89088K, 23% used [0x00000000e0000000,0x00000000e1469f48,0x00000000e5700000)
 Metaspace       used 57496K, capacity 59142K, committed 59160K, reserved 1099776K
  class space    used 7797K, capacity 8222K, committed 8232K, reserved 1048576K
Event: 19.897 GC heap after
Heap after GC invocations=12 (full 2):
 PSYoungGen      total 146432K, used 13813K [0x00000000f5580000, 0x0000000100000000, 0x0000000100000000)
  eden space 132608K, 0% used [0x00000000f5580000,0x00000000f5580000,0x00000000fd700000)
  from space 13824K, 99% used [0x00000000ff280000,0x00000000ffffd7d0,0x0000000100000000)
  to   space 20992K, 0% used [0x00000000fd700000,0x00000000fd700000,0x00000000feb80000)
 ParOldGen       total 89088K, used 27265K [0x00000000e0000000, 0x00000000e5700000, 0x00000000f5580000)
  object space 89088K, 30% used [0x00000000e0000000,0x00000000e1aa0460,0x00000000e5700000)
 Metaspace       used 57496K, capacity 59142K, committed 59160K, reserved 1099776K
  class space    used 7797K, capacity 8222K, committed 8232K, reserved 1048576K
}
Event: 19.897 GC heap before
{Heap before GC invocations=13 (full 3):
 PSYoungGen      total 146432K, used 13813K [0x00000000f5580000, 0x0000000100000000, 0x0000000100000000)
  eden space 132608K, 0% used [0x00000000f5580000,0x00000000f5580000,0x00000000fd700000)
  from space 13824K, 99% used [0x00000000ff280000,0x00000000ffffd7d0,0x0000000100000000)
  to   space 20992K, 0% used [0x00000000fd700000,0x00000000fd700000,0x00000000feb80000)
 ParOldGen       total 89088K, used 27265K [0x00000000e0000000, 0x00000000e5700000, 0x00000000f5580000)
  object space 89088K, 30% used [0x00000000e0000000,0x00000000e1aa0460,0x00000000e5700000)
 Metaspace       used 57496K, capacity 59142K, committed 59160K, reserved 1099776K
  class space    used 7797K, capacity 8222K, committed 8232K, reserved 1048576K
Event: 20.311 GC heap after
Heap after GC invocations=13 (full 3):
 PSYoungGen      total 146432K, used 0K [0x00000000f5580000, 0x0000000100000000, 0x0000000100000000)
  eden space 132608K, 0% used [0x00000000f5580000,0x00000000f5580000,0x00000000fd700000)
  from space 13824K, 0% used [0x00000000ff280000,0x00000000ff280000,0x0000000100000000)
  to   space 20992K, 0% used [0x00000000fd700000,0x00000000fd700000,0x00000000feb80000)
 ParOldGen       total 89088K, used 34952K [0x00000000e0000000, 0x00000000e5700000, 0x00000000f5580000)
  object space 89088K, 39% used [0x00000000e0000000,0x00000000e22221a8,0x00000000e5700000)
 Metaspace       used 57496K, capacity 59142K, committed 59160K, reserved 1099776K
  class space    used 7797K, capacity 8222K, committed 8232K, reserved 1048576K
}

Deoptimization events (10 events):
Event: 20.800 Thread 0x0000000018e0f800 Uncommon trap: reason=class_check action=maybe_recompile pc=0x0000000002b36c1c method=java.util.Collections$SetFromMap.add(Ljava/lang/Object;)Z @ 8
Event: 20.885 Thread 0x0000000018e0a800 Uncommon trap: reason=bimorphic action=maybe_recompile pc=0x0000000002b77db4 method=java.util.Arrays.binarySearch0([Ljava/lang/Object;IILjava/lang/Object;Ljava/util/Comparator;)I @ 48
Event: 20.885 Thread 0x0000000018e0a800 Uncommon trap: reason=bimorphic action=maybe_recompile pc=0x0000000002b77db4 method=java.util.Arrays.binarySearch0([Ljava/lang/Object;IILjava/lang/Object;Ljava/util/Comparator;)I @ 48
Event: 20.885 Thread 0x0000000018e0a800 Uncommon trap: reason=bimorphic action=maybe_recompile pc=0x0000000002b77db4 method=java.util.Arrays.binarySearch0([Ljava/lang/Object;IILjava/lang/Object;Ljava/util/Comparator;)I @ 48
Event: 20.885 Thread 0x0000000018e0a800 Uncommon trap: reason=bimorphic action=maybe_recompile pc=0x0000000002b77db4 method=java.util.Arrays.binarySearch0([Ljava/lang/Object;IILjava/lang/Object;Ljava/util/Comparator;)I @ 48
Event: 20.888 Thread 0x0000000018e0a800 Uncommon trap: reason=bimorphic action=maybe_recompile pc=0x000000000337a7f8 method=java.util.Arrays.binarySearch0([Ljava/lang/Object;IILjava/lang/Object;Ljava/util/Comparator;)I @ 48
Event: 20.970 Thread 0x0000000016a6c000 Uncommon trap: reason=class_check action=maybe_recompile pc=0x000000000369ad94 method=java.util.Collections$SetFromMap.remove(Ljava/lang/Object;)Z @ 5
Event: 20.970 Thread 0x0000000018e10800 Uncommon trap: reason=class_check action=maybe_recompile pc=0x000000000369ad94 method=java.util.Collections$SetFromMap.remove(Ljava/lang/Object;)Z @ 5
Event: 20.971 Thread 0x0000000018e12800 Uncommon trap: reason=class_check action=maybe_recompile pc=0x000000000369ad94 method=java.util.Collections$SetFromMap.remove(Ljava/lang/Object;)Z @ 5
Event: 20.971 Thread 0x0000000018e0f800 Uncommon trap: reason=class_check action=maybe_recompile pc=0x000000000369ad94 method=java.util.Collections$SetFromMap.remove(Ljava/lang/Object;)Z @ 5

Classes redefined (0 events):
No events

Internal exceptions (10 events):
Event: 16.385 Thread 0x0000000016a6c000 Exception <a 'java/lang/ClassNotFoundException': com/android/build/gradle/internal/api/BaseVariantOutputImplCustomizer> (0x00000000f7788910) thrown at [D:\src\AOSP-openjdk-cygwin\jdk8u\hotspot\src\share\vm\classfile\systemDictionary.cpp, line 210]
Event: 16.387 Thread 0x0000000016a6c000 Exception <a 'java/lang/ClassNotFoundException': com/android/build/gradle/internal/api/ApkVariantOutputImplCustomizer> (0x00000000f77be370) thrown at [D:\src\AOSP-openjdk-cygwin\jdk8u\hotspot\src\share\vm\classfile\systemDictionary.cpp, line 210]
Event: 16.388 Thread 0x0000000016a6c000 Exception <a 'java/lang/ClassNotFoundException': com/android/build/gradle/internal/api/ApkVariantOutputImpl_DecoratedCustomizer> (0x00000000f77eeec8) thrown at [D:\src\AOSP-openjdk-cygwin\jdk8u\hotspot\src\share\vm\classfile\systemDictionary.cpp, line 210
Event: 16.832 Thread 0x0000000016a6c000 Exception <a 'java/lang/NoSuchMethodError': java.lang.Object.lambda$static$0(Ljava/util/Set;Ljava/util/Set;)Z> (0x00000000f85ccc50) thrown at [D:\src\AOSP-openjdk-cygwin\jdk8u\hotspot\src\share\vm\interpreter\linkResolver.cpp, line 620]
Event: 16.832 Thread 0x0000000016a6c000 Exception <a 'java/lang/NoSuchMethodError': java.lang.Object.lambda$static$1(Ljava/util/Set;Ljava/util/Set;)Z> (0x00000000f85cfbc0) thrown at [D:\src\AOSP-openjdk-cygwin\jdk8u\hotspot\src\share\vm\interpreter\linkResolver.cpp, line 620]
Event: 16.833 Thread 0x0000000016a6c000 Exception <a 'java/lang/NoSuchMethodError': java.lang.Object.lambda$static$2(Ljava/util/Set;Ljava/util/Set;)Z> (0x00000000f85d2700) thrown at [D:\src\AOSP-openjdk-cygwin\jdk8u\hotspot\src\share\vm\interpreter\linkResolver.cpp, line 620]
Event: 16.833 Thread 0x0000000016a6c000 Exception <a 'java/lang/NoSuchMethodError': java.lang.Object.lambda$static$3(Ljava/util/Set;Ljava/util/Set;)Z> (0x00000000f85d5240) thrown at [D:\src\AOSP-openjdk-cygwin\jdk8u\hotspot\src\share\vm\interpreter\linkResolver.cpp, line 620]
Event: 16.834 Thread 0x0000000016a6c000 Exception <a 'java/lang/NoSuchMethodError': java.lang.Object.lambda$static$4(Ljava/util/Set;Ljava/util/Set;)Z> (0x00000000f85d7d80) thrown at [D:\src\AOSP-openjdk-cygwin\jdk8u\hotspot\src\share\vm\interpreter\linkResolver.cpp, line 620]
Event: 17.169 Thread 0x0000000016a6c000 Exception <a 'java/lang/ClassNotFoundException': com/sun/org/glassfish/hk2/osgiresourcelocator/ServiceLoader> (0x00000000f8e2cc68) thrown at [D:\src\AOSP-openjdk-cygwin\jdk8u\hotspot\src\share\vm\classfile\systemDictionary.cpp, line 210]
Event: 17.338 Thread 0x0000000016a6c000 Exception <a 'java/lang/NullPointerException'> (0x00000000f92f7e08) thrown at [D:\src\AOSP-openjdk-cygwin\jdk8u\hotspot\src\share\vm\interpreter\linkResolver.cpp, line 1287]

Events (10 events):
Event: 20.978 Executing VM operation: RevokeBias
Event: 20.979 Executing VM operation: RevokeBias done
Event: 20.979 loading class org/gradle/api/internal/artifacts/transform/DefaultTransformer$2
Event: 20.979 loading class org/gradle/api/internal/artifacts/transform/DefaultTransformer$2 done
Event: 20.980 loading class org/gradle/api/internal/tasks/properties/InputParameterUtils
Event: 20.980 loading class org/gradle/api/internal/tasks/properties/InputParameterUtils done
Event: 20.981 loading class org/gradle/api/internal/artifacts/transform/DefaultTransformer$IsolatedParameters
Event: 20.981 loading class org/gradle/api/internal/artifacts/transform/DefaultTransformer$IsolatedParameters done
Event: 20.994 loading class org/gradle/internal/fingerprint/impl/NameOnlyFingerprintingStrategy$1
Event: 20.994 loading class org/gradle/internal/fingerprint/impl/NameOnlyFingerprintingStrategy$1 done


Dynamic libraries:
0x00007ff7513e0000 - 0x00007ff751411000 	C:\Program Files\Android\Android Studio1\jre\bin\java.exe
0x00007ff868d40000 - 0x00007ff868f30000 	C:\WINDOWS\SYSTEM32\ntdll.dll
0x00007ff868350000 - 0x00007ff868402000 	C:\WINDOWS\System32\KERNEL32.DLL
0x00007ff866830000 - 0x00007ff866ad3000 	C:\WINDOWS\System32\KERNELBASE.dll
0x00007ff867990000 - 0x00007ff867a33000 	C:\WINDOWS\System32\ADVAPI32.dll
0x00007ff8673c0000 - 0x00007ff86745e000 	C:\WINDOWS\System32\msvcrt.dll
0x00007ff866e20000 - 0x00007ff866eb7000 	C:\WINDOWS\System32\sechost.dll
0x00007ff868b10000 - 0x00007ff868c30000 	C:\WINDOWS\System32\RPCRT4.dll
0x00007ff868630000 - 0x00007ff8687c4000 	C:\WINDOWS\System32\USER32.dll
0x00007ff866d70000 - 0x00007ff866d91000 	C:\WINDOWS\System32\win32u.dll
0x00007ff867ba0000 - 0x00007ff867bc6000 	C:\WINDOWS\System32\GDI32.dll
0x00007ff866690000 - 0x00007ff866824000 	C:\WINDOWS\System32\gdi32full.dll
0x00007ff8665d0000 - 0x00007ff86666e000 	C:\WINDOWS\System32\msvcp_win.dll
0x00007ff866bc0000 - 0x00007ff866cba000 	C:\WINDOWS\System32\ucrtbase.dll
0x00007ff8650f0000 - 0x00007ff865375000 	C:\WINDOWS\WinSxS\amd64_microsoft.windows.common-controls_6595b64144ccf1df_6.0.18362.535_none_e6c3b34713100821\COMCTL32.dll
0x00007ff8687d0000 - 0x00007ff868b06000 	C:\WINDOWS\System32\combase.dll
0x00007ff866b40000 - 0x00007ff866bc0000 	C:\WINDOWS\System32\bcryptPrimitives.dll
0x00007ff866df0000 - 0x00007ff866e1e000 	C:\WINDOWS\System32\IMM32.DLL
0x00000000710c0000 - 0x0000000071192000 	C:\Program Files\Android\Android Studio1\jre\jre\bin\msvcr100.dll
0x00000000711a0000 - 0x00000000719e6000 	C:\Program Files\Android\Android Studio1\jre\jre\bin\server\jvm.dll
0x00007ff8682c0000 - 0x00007ff8682c8000 	C:\WINDOWS\System32\PSAPI.DLL
0x00007ff860970000 - 0x00007ff860994000 	C:\WINDOWS\SYSTEM32\WINMM.dll
0x00007ff852370000 - 0x00007ff852379000 	C:\WINDOWS\SYSTEM32\WSOCK32.dll
0x00007ff857b90000 - 0x00007ff857b9a000 	C:\WINDOWS\SYSTEM32\VERSION.dll
0x00007ff868480000 - 0x00007ff8684ef000 	C:\WINDOWS\System32\WS2_32.dll
0x00007ff860940000 - 0x00007ff86096d000 	C:\WINDOWS\SYSTEM32\winmmbase.dll
0x00007ff866da0000 - 0x00007ff866dea000 	C:\WINDOWS\System32\cfgmgr32.dll
0x00007ff84f430000 - 0x00007ff84f43f000 	C:\Program Files\Android\Android Studio1\jre\jre\bin\verify.dll
0x00007ff840300000 - 0x00007ff840329000 	C:\Program Files\Android\Android Studio1\jre\jre\bin\java.dll
0x00007ff8402e0000 - 0x00007ff8402f6000 	C:\Program Files\Android\Android Studio1\jre\jre\bin\zip.dll
0x00007ff867bd0000 - 0x00007ff8682b5000 	C:\WINDOWS\System32\SHELL32.dll
0x00007ff866f90000 - 0x00007ff867039000 	C:\WINDOWS\System32\shcore.dll
0x00007ff865e20000 - 0x00007ff86659f000 	C:\WINDOWS\System32\windows.storage.dll
0x00007ff865c40000 - 0x00007ff865c5f000 	C:\WINDOWS\System32\profapi.dll
0x00007ff865c80000 - 0x00007ff865cca000 	C:\WINDOWS\System32\powrprof.dll
0x00007ff865c10000 - 0x00007ff865c20000 	C:\WINDOWS\System32\UMPDC.dll
0x00007ff867930000 - 0x00007ff867982000 	C:\WINDOWS\System32\shlwapi.dll
0x00007ff865c20000 - 0x00007ff865c31000 	C:\WINDOWS\System32\kernel.appcore.dll
0x00007ff866670000 - 0x00007ff866687000 	C:\WINDOWS\System32\cryptsp.dll
0x00007ff834e00000 - 0x00007ff834e1a000 	C:\Program Files\Android\Android Studio1\jre\jre\bin\net.dll
0x00007ff864e00000 - 0x00007ff864e67000 	C:\WINDOWS\system32\mswsock.dll
0x00007ff834de0000 - 0x00007ff834df1000 	C:\Program Files\Android\Android Studio1\jre\jre\bin\nio.dll
0x00007ff8601c0000 - 0x00007ff8601e6000 	C:\Users\ASUS\.gradle\native\29\windows-amd64\native-platform.dll
0x00007ff844270000 - 0x00007ff84427d000 	C:\Program Files\Android\Android Studio1\jre\jre\bin\management.dll
0x00007ff864970000 - 0x00007ff8649a3000 	C:\WINDOWS\system32\rsaenh.dll
0x00007ff8665a0000 - 0x00007ff8665c6000 	C:\WINDOWS\System32\bcrypt.dll
0x00007ff865b30000 - 0x00007ff865b55000 	C:\WINDOWS\SYSTEM32\USERENV.dll
0x00007ff864fd0000 - 0x00007ff864fdc000 	C:\WINDOWS\SYSTEM32\CRYPTBASE.dll
0x00007ff864b10000 - 0x00007ff864b4a000 	C:\WINDOWS\SYSTEM32\IPHLPAPI.DLL
0x00007ff867040000 - 0x00007ff867048000 	C:\WINDOWS\System32\NSI.dll
0x00007ff85ab00000 - 0x00007ff85ab16000 	C:\WINDOWS\SYSTEM32\dhcpcsvc6.DLL
0x00007ff85c5a0000 - 0x00007ff85c5bc000 	C:\WINDOWS\SYSTEM32\dhcpcsvc.DLL
0x00007ff864b60000 - 0x00007ff864c2a000 	C:\WINDOWS\SYSTEM32\DNSAPI.dll

VM Arguments:
jvm_args: -Xmx2048M -Dfile.encoding=windows-1252 -Duser.country=US -Duser.language=en -Duser.variant -Xmx512M 
java_command: org.gradle.launcher.daemon.bootstrap.GradleDaemon 5.4.1
java_class_path (initial): C:\Users\ASUS\.gradle\wrapper\dists\gradle-5.4.1-all\3221gyojl5jsh0helicew7rwx\gradle-5.4.1\lib\gradle-launcher-5.4.1.jar
Launcher Type: SUN_STANDARD

Environment Variables:
JAVA_HOME=D:\Kuliah Citra\SMT 5\DW\TOS_DI-20190620_1446-V7.2.1\jdk1.8.0_161\jre\bin\javaw.exe
_JAVA_OPTIONS=-Xmx512M
PATH=C:\WINDOWS\System32;C:\Users\ASUS\AppData\Local\Microsoft\WindowsApps;;C:\Users\ASUS\AppData\Local\Programs\Microsoft VS Code\bin;C:\Users\ASUS\AppData\Roaming\Composer\vendor\bin
USERNAME=ASUS
OS=Windows_NT
PROCESSOR_IDENTIFIER=Intel64 Family 6 Model 142 Stepping 9, GenuineIntel



---------------  S Y S T E M  ---------------

OS: Windows 10.0 , 64 bit Build 18362 (10.0.18362.329)

CPU:total 4 (initial active 4) (2 cores per cpu, 2 threads per core) family 6 model 142 stepping 9, cmov, cx8, fxsr, mmx, sse, sse2, sse3, ssse3, sse4.1, sse4.2, popcnt, avx, avx2, aes, clmul, erms, 3dnowpref, lzcnt, ht, tsc, tscinvbit, bmi1, bmi2, adx

Memory: 4k page, physical 8266120k(1400804k free), swap 33431944k(1088k free)

vm_info: OpenJDK 64-Bit Server VM (25.202-b03) for windows-amd64 JRE (1.8.0_202-release-1483-b03), built by "builder" with MS VC++ 10.0 (VS2010)

time: Mon Dec 16 23:46:06 2019
timezone: Malay Peninsula Standard Time
elapsed time: 21 seconds (0d 0h 0m 21s)

